<?xml version="1.0" encoding="UTF-8"?>
<testng-results skipped="17" failed="7" ignored="47" total="136" passed="65">
  <reporter-output>
  </reporter-output>
  <suite name="MultiBrowser" duration-ms="4700431" started-at="2018-08-03T11:26:50Z" finished-at="2018-08-03T12:45:10Z">
    <groups>
    </groups>
    <test name="FirefoxTest" duration-ms="3171245" started-at="2018-08-03T11:26:50Z" finished-at="2018-08-03T12:19:41Z">
      <class name="clj.Frontend.PreNextControls">
        <test-method status="PASS" signature="beforeMethod(java.lang.reflect.Method, org.testng.ITestContext, java.lang.String)[pri:0, instance:clj.Frontend.PreNextControls@887af79]" name="beforeMethod" is-config="true" duration-ms="15816" started-at="2018-08-03T11:33:47Z" finished-at="2018-08-03T11:34:02Z">
          <params>
            <param index="0">
              <value>
                <![CDATA[public void clj.Frontend.PreNextControls.PreNextControl() throws java.lang.Exception]]>
              </value>
            </param>
            <param index="1">
              <value>
                <![CDATA[org.testng.TestRunner@31206beb]]>
              </value>
            </param>
            <param index="2">
              <value>
                <![CDATA[firefox]]>
              </value>
            </param>
          </params>
          <reporter-output>
          </reporter-output>
        </test-method> <!-- beforeMethod -->
        <test-method status="PASS" signature="PreNextControl()[pri:0, instance:clj.Frontend.PreNextControls@887af79]" name="PreNextControl" duration-ms="34619" started-at="2018-08-03T11:34:02Z" finished-at="2018-08-03T11:34:37Z">
          <reporter-output>
          </reporter-output>
        </test-method> <!-- PreNextControl -->
        <test-method status="PASS" signature="tearDown(org.testng.ITestResult, org.testng.ITestContext, java.lang.reflect.Method)[pri:0, instance:clj.Frontend.PreNextControls@887af79]" name="tearDown" is-config="true" duration-ms="3012" started-at="2018-08-03T11:34:37Z" finished-at="2018-08-03T11:34:40Z">
          <params>
            <param index="0">
              <value>
                <![CDATA[[TestResult name=PreNextControl status=SUCCESS method=PreNextControls.PreNextControl()[pri:0, instance:clj.Frontend.PreNextControls@887af79] output={null}]]]>
              </value>
            </param>
            <param index="1">
              <value>
                <![CDATA[org.testng.TestRunner@31206beb]]>
              </value>
            </param>
            <param index="2">
              <value>
                <![CDATA[public void clj.Frontend.PreNextControls.PreNextControl() throws java.lang.Exception]]>
              </value>
            </param>
          </params>
          <reporter-output>
          </reporter-output>
        </test-method> <!-- tearDown -->
      </class> <!-- clj.Frontend.PreNextControls -->
      <class name="clj.Frontend.MostShared">
        <test-method status="PASS" signature="beforeMethod(java.lang.reflect.Method, org.testng.ITestContext, java.lang.String)[pri:0, instance:clj.Frontend.MostShared@7fac631b]" name="beforeMethod" is-config="true" duration-ms="11758" started-at="2018-08-03T11:34:40Z" finished-at="2018-08-03T11:34:52Z">
          <params>
            <param index="0">
              <value>
                <![CDATA[public void clj.Frontend.MostShared.MostShared_UK_HomePage() throws java.lang.Exception]]>
              </value>
            </param>
            <param index="1">
              <value>
                <![CDATA[org.testng.TestRunner@31206beb]]>
              </value>
            </param>
            <param index="2">
              <value>
                <![CDATA[firefox]]>
              </value>
            </param>
          </params>
          <reporter-output>
          </reporter-output>
        </test-method> <!-- beforeMethod -->
        <test-method status="PASS" signature="MostShared_UK_HomePage()[pri:0, instance:clj.Frontend.MostShared@7fac631b]" name="MostShared_UK_HomePage" duration-ms="18102" started-at="2018-08-03T11:34:52Z" finished-at="2018-08-03T11:35:10Z">
          <reporter-output>
          </reporter-output>
        </test-method> <!-- MostShared_UK_HomePage -->
        <test-method status="PASS" signature="tearDown(org.testng.ITestResult, org.testng.ITestContext, java.lang.reflect.Method)[pri:0, instance:clj.Frontend.MostShared@7fac631b]" name="tearDown" is-config="true" duration-ms="2731" started-at="2018-08-03T11:35:10Z" finished-at="2018-08-03T11:35:13Z">
          <params>
            <param index="0">
              <value>
                <![CDATA[[TestResult name=MostShared_UK_HomePage status=SUCCESS method=MostShared.MostShared_UK_HomePage()[pri:0, instance:clj.Frontend.MostShared@7fac631b] output={null}]]]>
              </value>
            </param>
            <param index="1">
              <value>
                <![CDATA[org.testng.TestRunner@31206beb]]>
              </value>
            </param>
            <param index="2">
              <value>
                <![CDATA[public void clj.Frontend.MostShared.MostShared_UK_HomePage() throws java.lang.Exception]]>
              </value>
            </param>
          </params>
          <reporter-output>
          </reporter-output>
        </test-method> <!-- tearDown -->
        <test-method status="PASS" signature="beforeMethod(java.lang.reflect.Method, org.testng.ITestContext, java.lang.String)[pri:0, instance:clj.Frontend.MostShared@7fac631b]" name="beforeMethod" is-config="true" duration-ms="13525" started-at="2018-08-03T11:35:13Z" finished-at="2018-08-03T11:35:26Z">
          <params>
            <param index="0">
              <value>
                <![CDATA[public void clj.Frontend.MostShared.MostShared_US_HomePage() throws java.lang.Exception]]>
              </value>
            </param>
            <param index="1">
              <value>
                <![CDATA[org.testng.TestRunner@31206beb]]>
              </value>
            </param>
            <param index="2">
              <value>
                <![CDATA[firefox]]>
              </value>
            </param>
          </params>
          <reporter-output>
          </reporter-output>
        </test-method> <!-- beforeMethod -->
        <test-method status="PASS" signature="MostShared_US_HomePage()[pri:0, instance:clj.Frontend.MostShared@7fac631b]" name="MostShared_US_HomePage" duration-ms="25048" started-at="2018-08-03T11:35:26Z" finished-at="2018-08-03T11:35:51Z">
          <reporter-output>
          </reporter-output>
        </test-method> <!-- MostShared_US_HomePage -->
        <test-method status="PASS" signature="tearDown(org.testng.ITestResult, org.testng.ITestContext, java.lang.reflect.Method)[pri:0, instance:clj.Frontend.MostShared@7fac631b]" name="tearDown" is-config="true" duration-ms="3024" started-at="2018-08-03T11:35:51Z" finished-at="2018-08-03T11:35:54Z">
          <params>
            <param index="0">
              <value>
                <![CDATA[[TestResult name=MostShared_US_HomePage status=SUCCESS method=MostShared.MostShared_US_HomePage()[pri:0, instance:clj.Frontend.MostShared@7fac631b] output={null}]]]>
              </value>
            </param>
            <param index="1">
              <value>
                <![CDATA[org.testng.TestRunner@31206beb]]>
              </value>
            </param>
            <param index="2">
              <value>
                <![CDATA[public void clj.Frontend.MostShared.MostShared_US_HomePage() throws java.lang.Exception]]>
              </value>
            </param>
          </params>
          <reporter-output>
          </reporter-output>
        </test-method> <!-- tearDown -->
      </class> <!-- clj.Frontend.MostShared -->
      <class name="clj.Frontend.SocialShare">
        <test-method status="PASS" signature="beforeMethod(java.lang.reflect.Method, org.testng.ITestContext, java.lang.String)[pri:0, instance:clj.Frontend.SocialShare@6e0e048a]" name="beforeMethod" is-config="true" duration-ms="12117" started-at="2018-08-03T11:36:34Z" finished-at="2018-08-03T11:36:46Z">
          <params>
            <param index="0">
              <value>
                <![CDATA[public void clj.Frontend.SocialShare.a_FacebookLike_TopLeft_HomePage() throws java.lang.Exception]]>
              </value>
            </param>
            <param index="1">
              <value>
                <![CDATA[org.testng.TestRunner@31206beb]]>
              </value>
            </param>
            <param index="2">
              <value>
                <![CDATA[firefox]]>
              </value>
            </param>
          </params>
          <reporter-output>
          </reporter-output>
        </test-method> <!-- beforeMethod -->
        <test-method status="PASS" signature="a_FacebookLike_TopLeft_HomePage()[pri:0, instance:clj.Frontend.SocialShare@6e0e048a]" name="a_FacebookLike_TopLeft_HomePage" duration-ms="17951" started-at="2018-08-03T11:36:46Z" description="FB icon on top left of the page" finished-at="2018-08-03T11:37:04Z">
          <reporter-output>
          </reporter-output>
        </test-method> <!-- a_FacebookLike_TopLeft_HomePage -->
        <test-method status="PASS" signature="tearDown(org.testng.ITestResult, org.testng.ITestContext, java.lang.reflect.Method)[pri:0, instance:clj.Frontend.SocialShare@6e0e048a]" name="tearDown" is-config="true" duration-ms="2548" started-at="2018-08-03T11:37:04Z" finished-at="2018-08-03T11:37:07Z">
          <params>
            <param index="0">
              <value>
                <![CDATA[[TestResult name=a_FacebookLike_TopLeft_HomePage status=SUCCESS method=SocialShare.a_FacebookLike_TopLeft_HomePage()[pri:0, instance:clj.Frontend.SocialShare@6e0e048a] output={null}]]]>
              </value>
            </param>
            <param index="1">
              <value>
                <![CDATA[org.testng.TestRunner@31206beb]]>
              </value>
            </param>
            <param index="2">
              <value>
                <![CDATA[public void clj.Frontend.SocialShare.a_FacebookLike_TopLeft_HomePage() throws java.lang.Exception]]>
              </value>
            </param>
          </params>
          <reporter-output>
          </reporter-output>
        </test-method> <!-- tearDown -->
        <test-method status="PASS" signature="beforeMethod(java.lang.reflect.Method, org.testng.ITestContext, java.lang.String)[pri:0, instance:clj.Frontend.SocialShare@6e0e048a]" name="beforeMethod" is-config="true" duration-ms="12801" started-at="2018-08-03T11:37:07Z" finished-at="2018-08-03T11:37:19Z">
          <params>
            <param index="0">
              <value>
                <![CDATA[public void clj.Frontend.SocialShare.b_NewFbIconOnArticlePreview() throws java.lang.Exception]]>
              </value>
            </param>
            <param index="1">
              <value>
                <![CDATA[org.testng.TestRunner@31206beb]]>
              </value>
            </param>
            <param index="2">
              <value>
                <![CDATA[firefox]]>
              </value>
            </param>
          </params>
          <reporter-output>
          </reporter-output>
        </test-method> <!-- beforeMethod -->
        <test-method status="PASS" signature="b_NewFbIconOnArticlePreview()[pri:0, instance:clj.Frontend.SocialShare@6e0e048a]" name="b_NewFbIconOnArticlePreview" duration-ms="14296" started-at="2018-08-03T11:37:19Z" description="Social share icons on article preview on home page, new FB preview and old previews" finished-at="2018-08-03T11:37:34Z">
          <reporter-output>
          </reporter-output>
        </test-method> <!-- b_NewFbIconOnArticlePreview -->
        <test-method status="PASS" signature="tearDown(org.testng.ITestResult, org.testng.ITestContext, java.lang.reflect.Method)[pri:0, instance:clj.Frontend.SocialShare@6e0e048a]" name="tearDown" is-config="true" duration-ms="2243" started-at="2018-08-03T11:37:34Z" finished-at="2018-08-03T11:37:36Z">
          <params>
            <param index="0">
              <value>
                <![CDATA[[TestResult name=b_NewFbIconOnArticlePreview status=SUCCESS method=SocialShare.b_NewFbIconOnArticlePreview()[pri:0, instance:clj.Frontend.SocialShare@6e0e048a] output={null}]]]>
              </value>
            </param>
            <param index="1">
              <value>
                <![CDATA[org.testng.TestRunner@31206beb]]>
              </value>
            </param>
            <param index="2">
              <value>
                <![CDATA[public void clj.Frontend.SocialShare.b_NewFbIconOnArticlePreview() throws java.lang.Exception]]>
              </value>
            </param>
          </params>
          <reporter-output>
          </reporter-output>
        </test-method> <!-- tearDown -->
        <test-method status="PASS" signature="beforeMethod(java.lang.reflect.Method, org.testng.ITestContext, java.lang.String)[pri:0, instance:clj.Frontend.SocialShare@6e0e048a]" name="beforeMethod" is-config="true" duration-ms="12215" started-at="2018-08-03T11:37:36Z" finished-at="2018-08-03T11:37:48Z">
          <params>
            <param index="0">
              <value>
                <![CDATA[public void clj.Frontend.SocialShare.c_SocialShareArticlePreview() throws java.lang.Exception]]>
              </value>
            </param>
            <param index="1">
              <value>
                <![CDATA[org.testng.TestRunner@31206beb]]>
              </value>
            </param>
            <param index="2">
              <value>
                <![CDATA[firefox]]>
              </value>
            </param>
          </params>
          <reporter-output>
          </reporter-output>
        </test-method> <!-- beforeMethod -->
        <test-method status="SKIP" signature="c_SocialShareArticlePreview()[pri:0, instance:clj.Frontend.SocialShare@6e0e048a]" name="c_SocialShareArticlePreview" duration-ms="49221" started-at="2018-08-03T11:37:48Z" description="Social share icons on article preview on home page, new FB preview and old previews" finished-at="2018-08-03T11:38:37Z">
          <exception class="java.lang.AssertionError">
            <message>
              <![CDATA[expected [true] but found [false]]]>
            </message>
            <full-stacktrace>
              <![CDATA[java.lang.AssertionError: expected [true] but found [false]
at org.testng.Assert.fail(Assert.java:96)
at org.testng.Assert.failNotEquals(Assert.java:776)
at org.testng.Assert.assertTrue(Assert.java:44)
at org.testng.Assert.assertTrue(Assert.java:54)
at commonLibrary.SocialLoginsMethods.CLickSocialSahreIconAndAssert(SocialLoginsMethods.java:70)
at clj.Frontend.SocialShare.c_SocialShareArticlePreview(SocialShare.java:72)
at sun.reflect.NativeMethodAccessorImpl.invoke0(Native Method)
at sun.reflect.NativeMethodAccessorImpl.invoke(NativeMethodAccessorImpl.java:62)
at sun.reflect.DelegatingMethodAccessorImpl.invoke(DelegatingMethodAccessorImpl.java:43)
at java.lang.reflect.Method.invoke(Method.java:498)
at org.testng.internal.MethodInvocationHelper.invokeMethod(MethodInvocationHelper.java:124)
at org.testng.internal.Invoker.invokeMethod(Invoker.java:580)
at org.testng.internal.Invoker.invokeTestMethod(Invoker.java:716)
at org.testng.internal.Invoker.invokeTestMethods(Invoker.java:988)
at org.testng.internal.TestMethodWorker.invokeTestMethods(TestMethodWorker.java:125)
at org.testng.internal.TestMethodWorker.run(TestMethodWorker.java:109)
at org.testng.TestRunner.privateRun(TestRunner.java:648)
at org.testng.TestRunner.run(TestRunner.java:505)
at org.testng.SuiteRunner.runTest(SuiteRunner.java:455)
at org.testng.SuiteRunner.access$000(SuiteRunner.java:40)
at org.testng.SuiteRunner$SuiteWorker.run(SuiteRunner.java:489)
at org.testng.internal.thread.ThreadUtil$1.call(ThreadUtil.java:52)
at java.util.concurrent.FutureTask.run(FutureTask.java:266)
at java.util.concurrent.ThreadPoolExecutor.runWorker(ThreadPoolExecutor.java:1149)
at java.util.concurrent.ThreadPoolExecutor$Worker.run(ThreadPoolExecutor.java:624)
at java.lang.Thread.run(Thread.java:748)
]]>
            </full-stacktrace>
          </exception> <!-- java.lang.AssertionError -->
          <reporter-output>
          </reporter-output>
        </test-method> <!-- c_SocialShareArticlePreview -->
        <test-method status="PASS" signature="tearDown(org.testng.ITestResult, org.testng.ITestContext, java.lang.reflect.Method)[pri:0, instance:clj.Frontend.SocialShare@6e0e048a]" name="tearDown" is-config="true" duration-ms="2619" started-at="2018-08-03T11:38:37Z" finished-at="2018-08-03T11:38:40Z">
          <params>
            <param index="0">
              <value>
                <![CDATA[[TestResult name=c_SocialShareArticlePreview status=SKIP method=SocialShare.c_SocialShareArticlePreview()[pri:0, instance:clj.Frontend.SocialShare@6e0e048a] output={null}]]]>
              </value>
            </param>
            <param index="1">
              <value>
                <![CDATA[org.testng.TestRunner@31206beb]]>
              </value>
            </param>
            <param index="2">
              <value>
                <![CDATA[public void clj.Frontend.SocialShare.c_SocialShareArticlePreview() throws java.lang.Exception]]>
              </value>
            </param>
          </params>
          <reporter-output>
          </reporter-output>
        </test-method> <!-- tearDown -->
        <test-method status="PASS" signature="beforeMethod(java.lang.reflect.Method, org.testng.ITestContext, java.lang.String)[pri:0, instance:clj.Frontend.SocialShare@6e0e048a]" name="beforeMethod" is-config="true" duration-ms="14573" started-at="2018-08-03T11:38:40Z" finished-at="2018-08-03T11:38:55Z">
          <params>
            <param index="0">
              <value>
                <![CDATA[public void clj.Frontend.SocialShare.c_SocialShareArticlePreview() throws java.lang.Exception]]>
              </value>
            </param>
            <param index="1">
              <value>
                <![CDATA[org.testng.TestRunner@31206beb]]>
              </value>
            </param>
            <param index="2">
              <value>
                <![CDATA[firefox]]>
              </value>
            </param>
          </params>
          <reporter-output>
          </reporter-output>
        </test-method> <!-- beforeMethod -->
        <test-method status="SKIP" signature="c_SocialShareArticlePreview()[pri:0, instance:clj.Frontend.SocialShare@6e0e048a]" name="c_SocialShareArticlePreview" duration-ms="49758" started-at="2018-08-03T11:38:55Z" description="Social share icons on article preview on home page, new FB preview and old previews" finished-at="2018-08-03T11:39:44Z">
          <exception class="java.lang.AssertionError">
            <message>
              <![CDATA[expected [true] but found [false]]]>
            </message>
            <full-stacktrace>
              <![CDATA[java.lang.AssertionError: expected [true] but found [false]
at org.testng.Assert.fail(Assert.java:96)
at org.testng.Assert.failNotEquals(Assert.java:776)
at org.testng.Assert.assertTrue(Assert.java:44)
at org.testng.Assert.assertTrue(Assert.java:54)
at commonLibrary.SocialLoginsMethods.CLickSocialSahreIconAndAssert(SocialLoginsMethods.java:70)
at clj.Frontend.SocialShare.c_SocialShareArticlePreview(SocialShare.java:72)
at sun.reflect.NativeMethodAccessorImpl.invoke0(Native Method)
at sun.reflect.NativeMethodAccessorImpl.invoke(NativeMethodAccessorImpl.java:62)
at sun.reflect.DelegatingMethodAccessorImpl.invoke(DelegatingMethodAccessorImpl.java:43)
at java.lang.reflect.Method.invoke(Method.java:498)
at org.testng.internal.MethodInvocationHelper.invokeMethod(MethodInvocationHelper.java:124)
at org.testng.internal.Invoker.invokeMethod(Invoker.java:580)
at org.testng.internal.Invoker.retryFailed(Invoker.java:838)
at org.testng.internal.Invoker.invokeTestMethods(Invoker.java:1009)
at org.testng.internal.TestMethodWorker.invokeTestMethods(TestMethodWorker.java:125)
at org.testng.internal.TestMethodWorker.run(TestMethodWorker.java:109)
at org.testng.TestRunner.privateRun(TestRunner.java:648)
at org.testng.TestRunner.run(TestRunner.java:505)
at org.testng.SuiteRunner.runTest(SuiteRunner.java:455)
at org.testng.SuiteRunner.access$000(SuiteRunner.java:40)
at org.testng.SuiteRunner$SuiteWorker.run(SuiteRunner.java:489)
at org.testng.internal.thread.ThreadUtil$1.call(ThreadUtil.java:52)
at java.util.concurrent.FutureTask.run(FutureTask.java:266)
at java.util.concurrent.ThreadPoolExecutor.runWorker(ThreadPoolExecutor.java:1149)
at java.util.concurrent.ThreadPoolExecutor$Worker.run(ThreadPoolExecutor.java:624)
at java.lang.Thread.run(Thread.java:748)
]]>
            </full-stacktrace>
          </exception> <!-- java.lang.AssertionError -->
          <reporter-output>
          </reporter-output>
        </test-method> <!-- c_SocialShareArticlePreview -->
        <test-method status="PASS" signature="tearDown(org.testng.ITestResult, org.testng.ITestContext, java.lang.reflect.Method)[pri:0, instance:clj.Frontend.SocialShare@6e0e048a]" name="tearDown" is-config="true" duration-ms="2644" started-at="2018-08-03T11:39:44Z" finished-at="2018-08-03T11:39:47Z">
          <params>
            <param index="0">
              <value>
                <![CDATA[[TestResult name=c_SocialShareArticlePreview status=SKIP method=SocialShare.c_SocialShareArticlePreview()[pri:0, instance:clj.Frontend.SocialShare@6e0e048a] output={null}]]]>
              </value>
            </param>
            <param index="1">
              <value>
                <![CDATA[org.testng.TestRunner@31206beb]]>
              </value>
            </param>
            <param index="2">
              <value>
                <![CDATA[public void clj.Frontend.SocialShare.c_SocialShareArticlePreview() throws java.lang.Exception]]>
              </value>
            </param>
          </params>
          <reporter-output>
          </reporter-output>
        </test-method> <!-- tearDown -->
        <test-method status="PASS" signature="beforeMethod(java.lang.reflect.Method, org.testng.ITestContext, java.lang.String)[pri:0, instance:clj.Frontend.SocialShare@6e0e048a]" name="beforeMethod" is-config="true" duration-ms="13204" started-at="2018-08-03T11:39:47Z" finished-at="2018-08-03T11:40:00Z">
          <params>
            <param index="0">
              <value>
                <![CDATA[public void clj.Frontend.SocialShare.c_SocialShareArticlePreview() throws java.lang.Exception]]>
              </value>
            </param>
            <param index="1">
              <value>
                <![CDATA[org.testng.TestRunner@31206beb]]>
              </value>
            </param>
            <param index="2">
              <value>
                <![CDATA[firefox]]>
              </value>
            </param>
          </params>
          <reporter-output>
          </reporter-output>
        </test-method> <!-- beforeMethod -->
        <test-method status="FAIL" signature="c_SocialShareArticlePreview()[pri:0, instance:clj.Frontend.SocialShare@6e0e048a]" name="c_SocialShareArticlePreview" duration-ms="49570" started-at="2018-08-03T11:40:00Z" description="Social share icons on article preview on home page, new FB preview and old previews" finished-at="2018-08-03T11:40:50Z">
          <exception class="java.lang.AssertionError">
            <message>
              <![CDATA[expected [true] but found [false]]]>
            </message>
            <full-stacktrace>
              <![CDATA[java.lang.AssertionError: expected [true] but found [false]
at org.testng.Assert.fail(Assert.java:96)
at org.testng.Assert.failNotEquals(Assert.java:776)
at org.testng.Assert.assertTrue(Assert.java:44)
at org.testng.Assert.assertTrue(Assert.java:54)
at commonLibrary.SocialLoginsMethods.CLickSocialSahreIconAndAssert(SocialLoginsMethods.java:70)
at clj.Frontend.SocialShare.c_SocialShareArticlePreview(SocialShare.java:72)
at sun.reflect.NativeMethodAccessorImpl.invoke0(Native Method)
at sun.reflect.NativeMethodAccessorImpl.invoke(NativeMethodAccessorImpl.java:62)
at sun.reflect.DelegatingMethodAccessorImpl.invoke(DelegatingMethodAccessorImpl.java:43)
at java.lang.reflect.Method.invoke(Method.java:498)
at org.testng.internal.MethodInvocationHelper.invokeMethod(MethodInvocationHelper.java:124)
at org.testng.internal.Invoker.invokeMethod(Invoker.java:580)
at org.testng.internal.Invoker.retryFailed(Invoker.java:838)
at org.testng.internal.Invoker.invokeTestMethods(Invoker.java:1009)
at org.testng.internal.TestMethodWorker.invokeTestMethods(TestMethodWorker.java:125)
at org.testng.internal.TestMethodWorker.run(TestMethodWorker.java:109)
at org.testng.TestRunner.privateRun(TestRunner.java:648)
at org.testng.TestRunner.run(TestRunner.java:505)
at org.testng.SuiteRunner.runTest(SuiteRunner.java:455)
at org.testng.SuiteRunner.access$000(SuiteRunner.java:40)
at org.testng.SuiteRunner$SuiteWorker.run(SuiteRunner.java:489)
at org.testng.internal.thread.ThreadUtil$1.call(ThreadUtil.java:52)
at java.util.concurrent.FutureTask.run(FutureTask.java:266)
at java.util.concurrent.ThreadPoolExecutor.runWorker(ThreadPoolExecutor.java:1149)
at java.util.concurrent.ThreadPoolExecutor$Worker.run(ThreadPoolExecutor.java:624)
at java.lang.Thread.run(Thread.java:748)
]]>
            </full-stacktrace>
          </exception> <!-- java.lang.AssertionError -->
          <reporter-output>
          </reporter-output>
        </test-method> <!-- c_SocialShareArticlePreview -->
        <test-method status="PASS" signature="tearDown(org.testng.ITestResult, org.testng.ITestContext, java.lang.reflect.Method)[pri:0, instance:clj.Frontend.SocialShare@6e0e048a]" name="tearDown" is-config="true" duration-ms="2432" started-at="2018-08-03T11:40:50Z" finished-at="2018-08-03T11:40:52Z">
          <params>
            <param index="0">
              <value>
                <![CDATA[[TestResult name=c_SocialShareArticlePreview status=FAILURE method=SocialShare.c_SocialShareArticlePreview()[pri:0, instance:clj.Frontend.SocialShare@6e0e048a] output={null}]]]>
              </value>
            </param>
            <param index="1">
              <value>
                <![CDATA[org.testng.TestRunner@31206beb]]>
              </value>
            </param>
            <param index="2">
              <value>
                <![CDATA[public void clj.Frontend.SocialShare.c_SocialShareArticlePreview() throws java.lang.Exception]]>
              </value>
            </param>
          </params>
          <reporter-output>
          </reporter-output>
        </test-method> <!-- tearDown -->
        <test-method status="PASS" signature="beforeMethod(java.lang.reflect.Method, org.testng.ITestContext, java.lang.String)[pri:0, instance:clj.Frontend.SocialShare@6e0e048a]" name="beforeMethod" is-config="true" duration-ms="12467" started-at="2018-08-03T11:40:52Z" finished-at="2018-08-03T11:41:05Z">
          <params>
            <param index="0">
              <value>
                <![CDATA[public static void clj.Frontend.SocialShare.d_SocialShare_UnderSearch_HomePage() throws java.lang.Exception]]>
              </value>
            </param>
            <param index="1">
              <value>
                <![CDATA[org.testng.TestRunner@31206beb]]>
              </value>
            </param>
            <param index="2">
              <value>
                <![CDATA[firefox]]>
              </value>
            </param>
          </params>
          <reporter-output>
          </reporter-output>
        </test-method> <!-- beforeMethod -->
        <test-method status="PASS" signature="d_SocialShare_UnderSearch_HomePage()[pri:0, instance:clj.Frontend.SocialShare@6e0e048a]" name="d_SocialShare_UnderSearch_HomePage" duration-ms="55004" started-at="2018-08-03T11:41:05Z" description="Social shares under search bar on homepage" finished-at="2018-08-03T11:42:00Z">
          <reporter-output>
          </reporter-output>
        </test-method> <!-- d_SocialShare_UnderSearch_HomePage -->
        <test-method status="PASS" signature="tearDown(org.testng.ITestResult, org.testng.ITestContext, java.lang.reflect.Method)[pri:0, instance:clj.Frontend.SocialShare@6e0e048a]" name="tearDown" is-config="true" duration-ms="2747" started-at="2018-08-03T11:42:00Z" finished-at="2018-08-03T11:42:02Z">
          <params>
            <param index="0">
              <value>
                <![CDATA[[TestResult name=d_SocialShare_UnderSearch_HomePage status=SUCCESS method=SocialShare.d_SocialShare_UnderSearch_HomePage()[pri:0, instance:clj.Frontend.SocialShare@6e0e048a] output={null}]]]>
              </value>
            </param>
            <param index="1">
              <value>
                <![CDATA[org.testng.TestRunner@31206beb]]>
              </value>
            </param>
            <param index="2">
              <value>
                <![CDATA[public static void clj.Frontend.SocialShare.d_SocialShare_UnderSearch_HomePage() throws java.lang.Exception]]>
              </value>
            </param>
          </params>
          <reporter-output>
          </reporter-output>
        </test-method> <!-- tearDown -->
        <test-method status="PASS" signature="beforeMethod(java.lang.reflect.Method, org.testng.ITestContext, java.lang.String)[pri:0, instance:clj.Frontend.SocialShare@6e0e048a]" name="beforeMethod" is-config="true" duration-ms="12971" started-at="2018-08-03T11:42:02Z" finished-at="2018-08-03T11:42:15Z">
          <params>
            <param index="0">
              <value>
                <![CDATA[public void clj.Frontend.SocialShare.e_SocialShare_underSearch_Article() throws java.lang.Exception]]>
              </value>
            </param>
            <param index="1">
              <value>
                <![CDATA[org.testng.TestRunner@31206beb]]>
              </value>
            </param>
            <param index="2">
              <value>
                <![CDATA[firefox]]>
              </value>
            </param>
          </params>
          <reporter-output>
          </reporter-output>
        </test-method> <!-- beforeMethod -->
        <test-method status="PASS" signature="e_SocialShare_underSearch_Article()[pri:0, instance:clj.Frontend.SocialShare@6e0e048a]" name="e_SocialShare_underSearch_Article" duration-ms="66692" started-at="2018-08-03T11:42:15Z" description="Social Shares under search on Article page" finished-at="2018-08-03T11:43:22Z">
          <reporter-output>
          </reporter-output>
        </test-method> <!-- e_SocialShare_underSearch_Article -->
        <test-method status="PASS" signature="tearDown(org.testng.ITestResult, org.testng.ITestContext, java.lang.reflect.Method)[pri:0, instance:clj.Frontend.SocialShare@6e0e048a]" name="tearDown" is-config="true" duration-ms="3010" started-at="2018-08-03T11:43:22Z" finished-at="2018-08-03T11:43:25Z">
          <params>
            <param index="0">
              <value>
                <![CDATA[[TestResult name=e_SocialShare_underSearch_Article status=SUCCESS method=SocialShare.e_SocialShare_underSearch_Article()[pri:0, instance:clj.Frontend.SocialShare@6e0e048a] output={null}]]]>
              </value>
            </param>
            <param index="1">
              <value>
                <![CDATA[org.testng.TestRunner@31206beb]]>
              </value>
            </param>
            <param index="2">
              <value>
                <![CDATA[public void clj.Frontend.SocialShare.e_SocialShare_underSearch_Article() throws java.lang.Exception]]>
              </value>
            </param>
          </params>
          <reporter-output>
          </reporter-output>
        </test-method> <!-- tearDown -->
        <test-method status="PASS" signature="beforeMethod(java.lang.reflect.Method, org.testng.ITestContext, java.lang.String)[pri:0, instance:clj.Frontend.SocialShare@6e0e048a]" name="beforeMethod" is-config="true" duration-ms="12640" started-at="2018-08-03T11:43:25Z" finished-at="2018-08-03T11:43:38Z">
          <params>
            <param index="0">
              <value>
                <![CDATA[public void clj.Frontend.SocialShare.f_SocialShare_Top_Article() throws java.lang.Exception]]>
              </value>
            </param>
            <param index="1">
              <value>
                <![CDATA[org.testng.TestRunner@31206beb]]>
              </value>
            </param>
            <param index="2">
              <value>
                <![CDATA[firefox]]>
              </value>
            </param>
          </params>
          <reporter-output>
          </reporter-output>
        </test-method> <!-- beforeMethod -->
        <test-method status="SKIP" signature="f_SocialShare_Top_Article()[pri:0, instance:clj.Frontend.SocialShare@6e0e048a]" name="f_SocialShare_Top_Article" duration-ms="68500" started-at="2018-08-03T11:43:38Z" description="Social shares on top of article/ under headline" finished-at="2018-08-03T11:44:46Z">
          <exception class="java.lang.AssertionError">
            <message>
              <![CDATA[expected [true] but found [false]]]>
            </message>
            <full-stacktrace>
              <![CDATA[java.lang.AssertionError: expected [true] but found [false]
at org.testng.Assert.fail(Assert.java:96)
at org.testng.Assert.failNotEquals(Assert.java:776)
at org.testng.Assert.assertTrue(Assert.java:44)
at org.testng.Assert.assertTrue(Assert.java:54)
at commonLibrary.SocialLoginsMethods.CLickSocialSahreIconAndAssert(SocialLoginsMethods.java:70)
at commonLibrary.SocialLoginsMethods.SocialIconInDrawerTest(SocialLoginsMethods.java:48)
at clj.Frontend.SocialShare.f_SocialShare_Top_Article(SocialShare.java:162)
at sun.reflect.NativeMethodAccessorImpl.invoke0(Native Method)
at sun.reflect.NativeMethodAccessorImpl.invoke(NativeMethodAccessorImpl.java:62)
at sun.reflect.DelegatingMethodAccessorImpl.invoke(DelegatingMethodAccessorImpl.java:43)
at java.lang.reflect.Method.invoke(Method.java:498)
at org.testng.internal.MethodInvocationHelper.invokeMethod(MethodInvocationHelper.java:124)
at org.testng.internal.Invoker.invokeMethod(Invoker.java:580)
at org.testng.internal.Invoker.invokeTestMethod(Invoker.java:716)
at org.testng.internal.Invoker.invokeTestMethods(Invoker.java:988)
at org.testng.internal.TestMethodWorker.invokeTestMethods(TestMethodWorker.java:125)
at org.testng.internal.TestMethodWorker.run(TestMethodWorker.java:109)
at org.testng.TestRunner.privateRun(TestRunner.java:648)
at org.testng.TestRunner.run(TestRunner.java:505)
at org.testng.SuiteRunner.runTest(SuiteRunner.java:455)
at org.testng.SuiteRunner.access$000(SuiteRunner.java:40)
at org.testng.SuiteRunner$SuiteWorker.run(SuiteRunner.java:489)
at org.testng.internal.thread.ThreadUtil$1.call(ThreadUtil.java:52)
at java.util.concurrent.FutureTask.run(FutureTask.java:266)
at java.util.concurrent.ThreadPoolExecutor.runWorker(ThreadPoolExecutor.java:1149)
at java.util.concurrent.ThreadPoolExecutor$Worker.run(ThreadPoolExecutor.java:624)
at java.lang.Thread.run(Thread.java:748)
]]>
            </full-stacktrace>
          </exception> <!-- java.lang.AssertionError -->
          <reporter-output>
          </reporter-output>
        </test-method> <!-- f_SocialShare_Top_Article -->
        <test-method status="PASS" signature="tearDown(org.testng.ITestResult, org.testng.ITestContext, java.lang.reflect.Method)[pri:0, instance:clj.Frontend.SocialShare@6e0e048a]" name="tearDown" is-config="true" duration-ms="2959" started-at="2018-08-03T11:44:46Z" finished-at="2018-08-03T11:44:49Z">
          <params>
            <param index="0">
              <value>
                <![CDATA[[TestResult name=f_SocialShare_Top_Article status=SKIP method=SocialShare.f_SocialShare_Top_Article()[pri:0, instance:clj.Frontend.SocialShare@6e0e048a] output={null}]]]>
              </value>
            </param>
            <param index="1">
              <value>
                <![CDATA[org.testng.TestRunner@31206beb]]>
              </value>
            </param>
            <param index="2">
              <value>
                <![CDATA[public void clj.Frontend.SocialShare.f_SocialShare_Top_Article() throws java.lang.Exception]]>
              </value>
            </param>
          </params>
          <reporter-output>
          </reporter-output>
        </test-method> <!-- tearDown -->
        <test-method status="PASS" signature="beforeMethod(java.lang.reflect.Method, org.testng.ITestContext, java.lang.String)[pri:0, instance:clj.Frontend.SocialShare@6e0e048a]" name="beforeMethod" is-config="true" duration-ms="13236" started-at="2018-08-03T11:44:49Z" finished-at="2018-08-03T11:45:02Z">
          <params>
            <param index="0">
              <value>
                <![CDATA[public void clj.Frontend.SocialShare.f_SocialShare_Top_Article() throws java.lang.Exception]]>
              </value>
            </param>
            <param index="1">
              <value>
                <![CDATA[org.testng.TestRunner@31206beb]]>
              </value>
            </param>
            <param index="2">
              <value>
                <![CDATA[firefox]]>
              </value>
            </param>
          </params>
          <reporter-output>
          </reporter-output>
        </test-method> <!-- beforeMethod -->
        <test-method status="SKIP" signature="f_SocialShare_Top_Article()[pri:0, instance:clj.Frontend.SocialShare@6e0e048a]" name="f_SocialShare_Top_Article" duration-ms="68953" started-at="2018-08-03T11:45:02Z" description="Social shares on top of article/ under headline" finished-at="2018-08-03T11:46:11Z">
          <exception class="java.lang.AssertionError">
            <message>
              <![CDATA[expected [true] but found [false]]]>
            </message>
            <full-stacktrace>
              <![CDATA[java.lang.AssertionError: expected [true] but found [false]
at org.testng.Assert.fail(Assert.java:96)
at org.testng.Assert.failNotEquals(Assert.java:776)
at org.testng.Assert.assertTrue(Assert.java:44)
at org.testng.Assert.assertTrue(Assert.java:54)
at commonLibrary.SocialLoginsMethods.CLickSocialSahreIconAndAssert(SocialLoginsMethods.java:70)
at commonLibrary.SocialLoginsMethods.SocialIconInDrawerTest(SocialLoginsMethods.java:48)
at clj.Frontend.SocialShare.f_SocialShare_Top_Article(SocialShare.java:162)
at sun.reflect.NativeMethodAccessorImpl.invoke0(Native Method)
at sun.reflect.NativeMethodAccessorImpl.invoke(NativeMethodAccessorImpl.java:62)
at sun.reflect.DelegatingMethodAccessorImpl.invoke(DelegatingMethodAccessorImpl.java:43)
at java.lang.reflect.Method.invoke(Method.java:498)
at org.testng.internal.MethodInvocationHelper.invokeMethod(MethodInvocationHelper.java:124)
at org.testng.internal.Invoker.invokeMethod(Invoker.java:580)
at org.testng.internal.Invoker.retryFailed(Invoker.java:838)
at org.testng.internal.Invoker.invokeTestMethods(Invoker.java:1009)
at org.testng.internal.TestMethodWorker.invokeTestMethods(TestMethodWorker.java:125)
at org.testng.internal.TestMethodWorker.run(TestMethodWorker.java:109)
at org.testng.TestRunner.privateRun(TestRunner.java:648)
at org.testng.TestRunner.run(TestRunner.java:505)
at org.testng.SuiteRunner.runTest(SuiteRunner.java:455)
at org.testng.SuiteRunner.access$000(SuiteRunner.java:40)
at org.testng.SuiteRunner$SuiteWorker.run(SuiteRunner.java:489)
at org.testng.internal.thread.ThreadUtil$1.call(ThreadUtil.java:52)
at java.util.concurrent.FutureTask.run(FutureTask.java:266)
at java.util.concurrent.ThreadPoolExecutor.runWorker(ThreadPoolExecutor.java:1149)
at java.util.concurrent.ThreadPoolExecutor$Worker.run(ThreadPoolExecutor.java:624)
at java.lang.Thread.run(Thread.java:748)
]]>
            </full-stacktrace>
          </exception> <!-- java.lang.AssertionError -->
          <reporter-output>
          </reporter-output>
        </test-method> <!-- f_SocialShare_Top_Article -->
        <test-method status="PASS" signature="tearDown(org.testng.ITestResult, org.testng.ITestContext, java.lang.reflect.Method)[pri:0, instance:clj.Frontend.SocialShare@6e0e048a]" name="tearDown" is-config="true" duration-ms="2668" started-at="2018-08-03T11:46:11Z" finished-at="2018-08-03T11:46:14Z">
          <params>
            <param index="0">
              <value>
                <![CDATA[[TestResult name=f_SocialShare_Top_Article status=SKIP method=SocialShare.f_SocialShare_Top_Article()[pri:0, instance:clj.Frontend.SocialShare@6e0e048a] output={null}]]]>
              </value>
            </param>
            <param index="1">
              <value>
                <![CDATA[org.testng.TestRunner@31206beb]]>
              </value>
            </param>
            <param index="2">
              <value>
                <![CDATA[public void clj.Frontend.SocialShare.f_SocialShare_Top_Article() throws java.lang.Exception]]>
              </value>
            </param>
          </params>
          <reporter-output>
          </reporter-output>
        </test-method> <!-- tearDown -->
        <test-method status="PASS" signature="beforeMethod(java.lang.reflect.Method, org.testng.ITestContext, java.lang.String)[pri:0, instance:clj.Frontend.SocialShare@6e0e048a]" name="beforeMethod" is-config="true" duration-ms="13702" started-at="2018-08-03T11:46:14Z" finished-at="2018-08-03T11:46:28Z">
          <params>
            <param index="0">
              <value>
                <![CDATA[public void clj.Frontend.SocialShare.f_SocialShare_Top_Article() throws java.lang.Exception]]>
              </value>
            </param>
            <param index="1">
              <value>
                <![CDATA[org.testng.TestRunner@31206beb]]>
              </value>
            </param>
            <param index="2">
              <value>
                <![CDATA[firefox]]>
              </value>
            </param>
          </params>
          <reporter-output>
          </reporter-output>
        </test-method> <!-- beforeMethod -->
        <test-method status="FAIL" signature="f_SocialShare_Top_Article()[pri:0, instance:clj.Frontend.SocialShare@6e0e048a]" name="f_SocialShare_Top_Article" duration-ms="66394" started-at="2018-08-03T11:46:28Z" description="Social shares on top of article/ under headline" finished-at="2018-08-03T11:47:34Z">
          <exception class="java.lang.AssertionError">
            <message>
              <![CDATA[expected [true] but found [false]]]>
            </message>
            <full-stacktrace>
              <![CDATA[java.lang.AssertionError: expected [true] but found [false]
at org.testng.Assert.fail(Assert.java:96)
at org.testng.Assert.failNotEquals(Assert.java:776)
at org.testng.Assert.assertTrue(Assert.java:44)
at org.testng.Assert.assertTrue(Assert.java:54)
at commonLibrary.SocialLoginsMethods.CLickSocialSahreIconAndAssert(SocialLoginsMethods.java:70)
at commonLibrary.SocialLoginsMethods.SocialIconInDrawerTest(SocialLoginsMethods.java:48)
at clj.Frontend.SocialShare.f_SocialShare_Top_Article(SocialShare.java:162)
at sun.reflect.NativeMethodAccessorImpl.invoke0(Native Method)
at sun.reflect.NativeMethodAccessorImpl.invoke(NativeMethodAccessorImpl.java:62)
at sun.reflect.DelegatingMethodAccessorImpl.invoke(DelegatingMethodAccessorImpl.java:43)
at java.lang.reflect.Method.invoke(Method.java:498)
at org.testng.internal.MethodInvocationHelper.invokeMethod(MethodInvocationHelper.java:124)
at org.testng.internal.Invoker.invokeMethod(Invoker.java:580)
at org.testng.internal.Invoker.retryFailed(Invoker.java:838)
at org.testng.internal.Invoker.invokeTestMethods(Invoker.java:1009)
at org.testng.internal.TestMethodWorker.invokeTestMethods(TestMethodWorker.java:125)
at org.testng.internal.TestMethodWorker.run(TestMethodWorker.java:109)
at org.testng.TestRunner.privateRun(TestRunner.java:648)
at org.testng.TestRunner.run(TestRunner.java:505)
at org.testng.SuiteRunner.runTest(SuiteRunner.java:455)
at org.testng.SuiteRunner.access$000(SuiteRunner.java:40)
at org.testng.SuiteRunner$SuiteWorker.run(SuiteRunner.java:489)
at org.testng.internal.thread.ThreadUtil$1.call(ThreadUtil.java:52)
at java.util.concurrent.FutureTask.run(FutureTask.java:266)
at java.util.concurrent.ThreadPoolExecutor.runWorker(ThreadPoolExecutor.java:1149)
at java.util.concurrent.ThreadPoolExecutor$Worker.run(ThreadPoolExecutor.java:624)
at java.lang.Thread.run(Thread.java:748)
]]>
            </full-stacktrace>
          </exception> <!-- java.lang.AssertionError -->
          <reporter-output>
          </reporter-output>
        </test-method> <!-- f_SocialShare_Top_Article -->
        <test-method status="PASS" signature="tearDown(org.testng.ITestResult, org.testng.ITestContext, java.lang.reflect.Method)[pri:0, instance:clj.Frontend.SocialShare@6e0e048a]" name="tearDown" is-config="true" duration-ms="2593" started-at="2018-08-03T11:47:34Z" finished-at="2018-08-03T11:47:37Z">
          <params>
            <param index="0">
              <value>
                <![CDATA[[TestResult name=f_SocialShare_Top_Article status=FAILURE method=SocialShare.f_SocialShare_Top_Article()[pri:0, instance:clj.Frontend.SocialShare@6e0e048a] output={null}]]]>
              </value>
            </param>
            <param index="1">
              <value>
                <![CDATA[org.testng.TestRunner@31206beb]]>
              </value>
            </param>
            <param index="2">
              <value>
                <![CDATA[public void clj.Frontend.SocialShare.f_SocialShare_Top_Article() throws java.lang.Exception]]>
              </value>
            </param>
          </params>
          <reporter-output>
          </reporter-output>
        </test-method> <!-- tearDown -->
        <test-method status="PASS" signature="beforeMethod(java.lang.reflect.Method, org.testng.ITestContext, java.lang.String)[pri:0, instance:clj.Frontend.SocialShare@6e0e048a]" name="beforeMethod" is-config="true" duration-ms="12412" started-at="2018-08-03T11:47:37Z" finished-at="2018-08-03T11:47:49Z">
          <params>
            <param index="0">
              <value>
                <![CDATA[public void clj.Frontend.SocialShare.g_SocialShare_Bottom_Article() throws java.lang.Exception]]>
              </value>
            </param>
            <param index="1">
              <value>
                <![CDATA[org.testng.TestRunner@31206beb]]>
              </value>
            </param>
            <param index="2">
              <value>
                <![CDATA[firefox]]>
              </value>
            </param>
          </params>
          <reporter-output>
          </reporter-output>
        </test-method> <!-- beforeMethod -->
        <test-method status="PASS" signature="g_SocialShare_Bottom_Article()[pri:0, instance:clj.Frontend.SocialShare@6e0e048a]" name="g_SocialShare_Bottom_Article" duration-ms="85952" started-at="2018-08-03T11:47:49Z" description="Socialshares at bottom of Article" finished-at="2018-08-03T11:49:15Z">
          <reporter-output>
          </reporter-output>
        </test-method> <!-- g_SocialShare_Bottom_Article -->
        <test-method status="PASS" signature="tearDown(org.testng.ITestResult, org.testng.ITestContext, java.lang.reflect.Method)[pri:0, instance:clj.Frontend.SocialShare@6e0e048a]" name="tearDown" is-config="true" duration-ms="3092" started-at="2018-08-03T11:49:15Z" finished-at="2018-08-03T11:49:18Z">
          <params>
            <param index="0">
              <value>
                <![CDATA[[TestResult name=g_SocialShare_Bottom_Article status=SUCCESS method=SocialShare.g_SocialShare_Bottom_Article()[pri:0, instance:clj.Frontend.SocialShare@6e0e048a] output={null}]]]>
              </value>
            </param>
            <param index="1">
              <value>
                <![CDATA[org.testng.TestRunner@31206beb]]>
              </value>
            </param>
            <param index="2">
              <value>
                <![CDATA[public void clj.Frontend.SocialShare.g_SocialShare_Bottom_Article() throws java.lang.Exception]]>
              </value>
            </param>
          </params>
          <reporter-output>
          </reporter-output>
        </test-method> <!-- tearDown -->
        <test-method status="PASS" signature="beforeMethod(java.lang.reflect.Method, org.testng.ITestContext, java.lang.String)[pri:0, instance:clj.Frontend.SocialShare@6e0e048a]" name="beforeMethod" is-config="true" duration-ms="14143" started-at="2018-08-03T11:49:18Z" finished-at="2018-08-03T11:49:32Z">
          <params>
            <param index="0">
              <value>
                <![CDATA[public void clj.Frontend.SocialShare.h_FB_Icon_FlyOut_onArticle() throws java.lang.Exception]]>
              </value>
            </param>
            <param index="1">
              <value>
                <![CDATA[org.testng.TestRunner@31206beb]]>
              </value>
            </param>
            <param index="2">
              <value>
                <![CDATA[firefox]]>
              </value>
            </param>
          </params>
          <reporter-output>
          </reporter-output>
        </test-method> <!-- beforeMethod -->
        <test-method status="PASS" signature="h_FB_Icon_FlyOut_onArticle()[pri:0, instance:clj.Frontend.SocialShare@6e0e048a]" name="h_FB_Icon_FlyOut_onArticle" duration-ms="55856" started-at="2018-08-03T11:49:32Z" description="FB icon on flyout on Article page" finished-at="2018-08-03T11:50:28Z">
          <reporter-output>
          </reporter-output>
        </test-method> <!-- h_FB_Icon_FlyOut_onArticle -->
        <test-method status="PASS" signature="tearDown(org.testng.ITestResult, org.testng.ITestContext, java.lang.reflect.Method)[pri:0, instance:clj.Frontend.SocialShare@6e0e048a]" name="tearDown" is-config="true" duration-ms="2710" started-at="2018-08-03T11:50:28Z" finished-at="2018-08-03T11:50:31Z">
          <params>
            <param index="0">
              <value>
                <![CDATA[[TestResult name=h_FB_Icon_FlyOut_onArticle status=SUCCESS method=SocialShare.h_FB_Icon_FlyOut_onArticle()[pri:0, instance:clj.Frontend.SocialShare@6e0e048a] output={null}]]]>
              </value>
            </param>
            <param index="1">
              <value>
                <![CDATA[org.testng.TestRunner@31206beb]]>
              </value>
            </param>
            <param index="2">
              <value>
                <![CDATA[public void clj.Frontend.SocialShare.h_FB_Icon_FlyOut_onArticle() throws java.lang.Exception]]>
              </value>
            </param>
          </params>
          <reporter-output>
          </reporter-output>
        </test-method> <!-- tearDown -->
        <test-method status="PASS" signature="beforeMethod(java.lang.reflect.Method, org.testng.ITestContext, java.lang.String)[pri:0, instance:clj.Frontend.SocialShare@6e0e048a]" name="beforeMethod" is-config="true" duration-ms="15174" started-at="2018-08-03T11:50:31Z" finished-at="2018-08-03T11:50:46Z">
          <params>
            <param index="0">
              <value>
                <![CDATA[public void clj.Frontend.SocialShare.i_FB_Icon_on_RelatedAtrticle() throws java.lang.Exception]]>
              </value>
            </param>
            <param index="1">
              <value>
                <![CDATA[org.testng.TestRunner@31206beb]]>
              </value>
            </param>
            <param index="2">
              <value>
                <![CDATA[firefox]]>
              </value>
            </param>
          </params>
          <reporter-output>
          </reporter-output>
        </test-method> <!-- beforeMethod -->
        <test-method status="PASS" signature="i_FB_Icon_on_RelatedAtrticle()[pri:0, instance:clj.Frontend.SocialShare@6e0e048a]" name="i_FB_Icon_on_RelatedAtrticle" duration-ms="24135" started-at="2018-08-03T11:50:46Z" description="FB icon on Related module" finished-at="2018-08-03T11:51:10Z">
          <reporter-output>
          </reporter-output>
        </test-method> <!-- i_FB_Icon_on_RelatedAtrticle -->
        <test-method status="PASS" signature="tearDown(org.testng.ITestResult, org.testng.ITestContext, java.lang.reflect.Method)[pri:0, instance:clj.Frontend.SocialShare@6e0e048a]" name="tearDown" is-config="true" duration-ms="2799" started-at="2018-08-03T11:51:10Z" finished-at="2018-08-03T11:51:13Z">
          <params>
            <param index="0">
              <value>
                <![CDATA[[TestResult name=i_FB_Icon_on_RelatedAtrticle status=SUCCESS method=SocialShare.i_FB_Icon_on_RelatedAtrticle()[pri:0, instance:clj.Frontend.SocialShare@6e0e048a] output={null}]]]>
              </value>
            </param>
            <param index="1">
              <value>
                <![CDATA[org.testng.TestRunner@31206beb]]>
              </value>
            </param>
            <param index="2">
              <value>
                <![CDATA[public void clj.Frontend.SocialShare.i_FB_Icon_on_RelatedAtrticle() throws java.lang.Exception]]>
              </value>
            </param>
          </params>
          <reporter-output>
          </reporter-output>
        </test-method> <!-- tearDown -->
        <test-method status="PASS" signature="beforeMethod(java.lang.reflect.Method, org.testng.ITestContext, java.lang.String)[pri:0, instance:clj.Frontend.SocialShare@6e0e048a]" name="beforeMethod" is-config="true" duration-ms="15095" started-at="2018-08-03T11:51:13Z" finished-at="2018-08-03T11:51:28Z">
          <params>
            <param index="0">
              <value>
                <![CDATA[public void clj.Frontend.SocialShare.j_SocialShareOn_Comments() throws java.lang.Exception]]>
              </value>
            </param>
            <param index="1">
              <value>
                <![CDATA[org.testng.TestRunner@31206beb]]>
              </value>
            </param>
            <param index="2">
              <value>
                <![CDATA[firefox]]>
              </value>
            </param>
          </params>
          <reporter-output>
          </reporter-output>
        </test-method> <!-- beforeMethod -->
        <test-method status="PASS" signature="j_SocialShareOn_Comments()[pri:0, instance:clj.Frontend.SocialShare@6e0e048a]" name="j_SocialShareOn_Comments" duration-ms="67675" started-at="2018-08-03T11:51:28Z" description="Social share on comments" finished-at="2018-08-03T11:52:36Z">
          <reporter-output>
          </reporter-output>
        </test-method> <!-- j_SocialShareOn_Comments -->
        <test-method status="PASS" signature="tearDown(org.testng.ITestResult, org.testng.ITestContext, java.lang.reflect.Method)[pri:0, instance:clj.Frontend.SocialShare@6e0e048a]" name="tearDown" is-config="true" duration-ms="4302" started-at="2018-08-03T11:52:36Z" finished-at="2018-08-03T11:52:40Z">
          <params>
            <param index="0">
              <value>
                <![CDATA[[TestResult name=j_SocialShareOn_Comments status=SUCCESS method=SocialShare.j_SocialShareOn_Comments()[pri:0, instance:clj.Frontend.SocialShare@6e0e048a] output={null}]]]>
              </value>
            </param>
            <param index="1">
              <value>
                <![CDATA[org.testng.TestRunner@31206beb]]>
              </value>
            </param>
            <param index="2">
              <value>
                <![CDATA[public void clj.Frontend.SocialShare.j_SocialShareOn_Comments() throws java.lang.Exception]]>
              </value>
            </param>
          </params>
          <reporter-output>
          </reporter-output>
        </test-method> <!-- tearDown -->
      </class> <!-- clj.Frontend.SocialShare -->
      <class name="clj.Frontend.ReaderComment">
        <test-method status="PASS" signature="beforeSuite()[pri:0, instance:clj.Frontend.ReaderComment@61f8bee4]" name="beforeSuite" is-config="true" duration-ms="9141" started-at="2018-08-03T11:26:40Z" finished-at="2018-08-03T11:26:50Z">
          <reporter-output>
          </reporter-output>
        </test-method> <!-- beforeSuite -->
        <test-method status="PASS" signature="setup(java.lang.String, org.testng.ITestContext)[pri:0, instance:clj.Frontend.ReaderComment@61f8bee4]" name="setup" is-config="true" duration-ms="15" started-at="2018-08-03T11:26:50Z" finished-at="2018-08-03T11:26:50Z">
          <params>
            <param index="0">
              <value>
                <![CDATA[firefox]]>
              </value>
            </param>
            <param index="1">
              <value>
                <![CDATA[org.testng.TestRunner@31206beb]]>
              </value>
            </param>
          </params>
          <reporter-output>
          </reporter-output>
        </test-method> <!-- setup -->
        <test-method status="PASS" signature="beforeMethod(java.lang.reflect.Method, org.testng.ITestContext, java.lang.String)[pri:0, instance:clj.Frontend.ReaderComment@61f8bee4]" name="beforeMethod" is-config="true" duration-ms="14559" started-at="2018-08-03T11:52:40Z" finished-at="2018-08-03T11:52:55Z">
          <params>
            <param index="0">
              <value>
                <![CDATA[public void clj.Frontend.ReaderComment.a_ArticleUrl() throws java.lang.InterruptedException]]>
              </value>
            </param>
            <param index="1">
              <value>
                <![CDATA[org.testng.TestRunner@31206beb]]>
              </value>
            </param>
            <param index="2">
              <value>
                <![CDATA[firefox]]>
              </value>
            </param>
          </params>
          <reporter-output>
          </reporter-output>
        </test-method> <!-- beforeMethod -->
        <test-method status="PASS" signature="a_ArticleUrl()[pri:0, instance:clj.Frontend.ReaderComment@61f8bee4]" name="a_ArticleUrl" duration-ms="23807" started-at="2018-08-03T11:52:55Z" description="Get wide and unmod article from puff and save in prpertyfile" finished-at="2018-08-03T11:53:18Z">
          <reporter-output>
          </reporter-output>
        </test-method> <!-- a_ArticleUrl -->
        <test-method status="PASS" signature="tearDown(org.testng.ITestResult, org.testng.ITestContext, java.lang.reflect.Method)[pri:0, instance:clj.Frontend.ReaderComment@61f8bee4]" name="tearDown" is-config="true" duration-ms="3047" started-at="2018-08-03T11:53:18Z" finished-at="2018-08-03T11:53:21Z">
          <params>
            <param index="0">
              <value>
                <![CDATA[[TestResult name=a_ArticleUrl status=SUCCESS method=ReaderComment.a_ArticleUrl()[pri:0, instance:clj.Frontend.ReaderComment@61f8bee4] output={null}]]]>
              </value>
            </param>
            <param index="1">
              <value>
                <![CDATA[org.testng.TestRunner@31206beb]]>
              </value>
            </param>
            <param index="2">
              <value>
                <![CDATA[public void clj.Frontend.ReaderComment.a_ArticleUrl() throws java.lang.InterruptedException]]>
              </value>
            </param>
          </params>
          <reporter-output>
          </reporter-output>
        </test-method> <!-- tearDown -->
        <test-method status="PASS" signature="beforeMethod(java.lang.reflect.Method, org.testng.ITestContext, java.lang.String)[pri:0, instance:clj.Frontend.ReaderComment@61f8bee4]" name="beforeMethod" is-config="true" duration-ms="14765" started-at="2018-08-03T11:53:21Z" finished-at="2018-08-03T11:53:36Z">
          <params>
            <param index="0">
              <value>
                <![CDATA[public void clj.Frontend.ReaderComment.b_CommentInfo() throws java.lang.Exception]]>
              </value>
            </param>
            <param index="1">
              <value>
                <![CDATA[org.testng.TestRunner@31206beb]]>
              </value>
            </param>
            <param index="2">
              <value>
                <![CDATA[firefox]]>
              </value>
            </param>
          </params>
          <reporter-output>
          </reporter-output>
        </test-method> <!-- beforeMethod -->
        <test-method status="PASS" signature="b_CommentInfo()[pri:0, instance:clj.Frontend.ReaderComment@61f8bee4]" name="b_CommentInfo" duration-ms="82623" started-at="2018-08-03T11:53:36Z" description="Info on comments e.g. user info, newest,oldest etc." finished-at="2018-08-03T11:54:59Z">
          <reporter-output>
          </reporter-output>
        </test-method> <!-- b_CommentInfo -->
        <test-method status="PASS" signature="tearDown(org.testng.ITestResult, org.testng.ITestContext, java.lang.reflect.Method)[pri:0, instance:clj.Frontend.ReaderComment@61f8bee4]" name="tearDown" is-config="true" duration-ms="3738" started-at="2018-08-03T11:54:59Z" finished-at="2018-08-03T11:55:03Z">
          <params>
            <param index="0">
              <value>
                <![CDATA[[TestResult name=b_CommentInfo status=SUCCESS method=ReaderComment.b_CommentInfo()[pri:0, instance:clj.Frontend.ReaderComment@61f8bee4] output={null}]]]>
              </value>
            </param>
            <param index="1">
              <value>
                <![CDATA[org.testng.TestRunner@31206beb]]>
              </value>
            </param>
            <param index="2">
              <value>
                <![CDATA[public void clj.Frontend.ReaderComment.b_CommentInfo() throws java.lang.Exception]]>
              </value>
            </param>
          </params>
          <reporter-output>
          </reporter-output>
        </test-method> <!-- tearDown -->
        <test-method status="PASS" signature="beforeMethod(java.lang.reflect.Method, org.testng.ITestContext, java.lang.String)[pri:0, instance:clj.Frontend.ReaderComment@61f8bee4]" name="beforeMethod" is-config="true" duration-ms="14235" started-at="2018-08-03T11:55:03Z" finished-at="2018-08-03T11:55:17Z">
          <params>
            <param index="0">
              <value>
                <![CDATA[public void clj.Frontend.ReaderComment.c_PostComment() throws java.lang.Exception]]>
              </value>
            </param>
            <param index="1">
              <value>
                <![CDATA[org.testng.TestRunner@31206beb]]>
              </value>
            </param>
            <param index="2">
              <value>
                <![CDATA[firefox]]>
              </value>
            </param>
          </params>
          <reporter-output>
          </reporter-output>
        </test-method> <!-- beforeMethod -->
        <test-method status="PASS" signature="c_PostComment()[pri:0, instance:clj.Frontend.ReaderComment@61f8bee4]" name="c_PostComment" duration-ms="242392" started-at="2018-08-03T11:55:17Z" description="posting direct comment by logging from post comment path" finished-at="2018-08-03T11:59:19Z">
          <reporter-output>
          </reporter-output>
        </test-method> <!-- c_PostComment -->
        <test-method status="PASS" signature="tearDown(org.testng.ITestResult, org.testng.ITestContext, java.lang.reflect.Method)[pri:0, instance:clj.Frontend.ReaderComment@61f8bee4]" name="tearDown" is-config="true" duration-ms="1752" started-at="2018-08-03T11:59:19Z" finished-at="2018-08-03T11:59:21Z">
          <params>
            <param index="0">
              <value>
                <![CDATA[[TestResult name=c_PostComment status=SUCCESS method=ReaderComment.c_PostComment()[pri:0, instance:clj.Frontend.ReaderComment@61f8bee4] output={null}]]]>
              </value>
            </param>
            <param index="1">
              <value>
                <![CDATA[org.testng.TestRunner@31206beb]]>
              </value>
            </param>
            <param index="2">
              <value>
                <![CDATA[public void clj.Frontend.ReaderComment.c_PostComment() throws java.lang.Exception]]>
              </value>
            </param>
          </params>
          <reporter-output>
          </reporter-output>
        </test-method> <!-- tearDown -->
        <test-method status="PASS" signature="beforeMethod(java.lang.reflect.Method, org.testng.ITestContext, java.lang.String)[pri:0, instance:clj.Frontend.ReaderComment@61f8bee4]" name="beforeMethod" is-config="true" duration-ms="11822" started-at="2018-08-03T11:59:21Z" finished-at="2018-08-03T11:59:33Z">
          <params>
            <param index="0">
              <value>
                <![CDATA[public void clj.Frontend.ReaderComment.d_PostReply() throws java.lang.Exception]]>
              </value>
            </param>
            <param index="1">
              <value>
                <![CDATA[org.testng.TestRunner@31206beb]]>
              </value>
            </param>
            <param index="2">
              <value>
                <![CDATA[firefox]]>
              </value>
            </param>
          </params>
          <reporter-output>
          </reporter-output>
        </test-method> <!-- beforeMethod -->
        <test-method status="PASS" signature="d_PostReply()[pri:0, instance:clj.Frontend.ReaderComment@61f8bee4]" name="d_PostReply" duration-ms="246108" started-at="2018-08-03T11:59:33Z" description="Post Reply on comment in oldest filter" finished-at="2018-08-03T12:03:39Z">
          <reporter-output>
          </reporter-output>
        </test-method> <!-- d_PostReply -->
        <test-method status="PASS" signature="tearDown(org.testng.ITestResult, org.testng.ITestContext, java.lang.reflect.Method)[pri:0, instance:clj.Frontend.ReaderComment@61f8bee4]" name="tearDown" is-config="true" duration-ms="2491" started-at="2018-08-03T12:03:39Z" finished-at="2018-08-03T12:03:41Z">
          <params>
            <param index="0">
              <value>
                <![CDATA[[TestResult name=d_PostReply status=SUCCESS method=ReaderComment.d_PostReply()[pri:0, instance:clj.Frontend.ReaderComment@61f8bee4] output={null}]]]>
              </value>
            </param>
            <param index="1">
              <value>
                <![CDATA[org.testng.TestRunner@31206beb]]>
              </value>
            </param>
            <param index="2">
              <value>
                <![CDATA[public void clj.Frontend.ReaderComment.d_PostReply() throws java.lang.Exception]]>
              </value>
            </param>
          </params>
          <reporter-output>
          </reporter-output>
        </test-method> <!-- tearDown -->
        <test-method status="PASS" signature="beforeMethod(java.lang.reflect.Method, org.testng.ITestContext, java.lang.String)[pri:0, instance:clj.Frontend.ReaderComment@61f8bee4]" name="beforeMethod" is-config="true" duration-ms="12923" started-at="2018-08-03T12:03:41Z" finished-at="2018-08-03T12:03:54Z">
          <params>
            <param index="0">
              <value>
                <![CDATA[public void clj.Frontend.ReaderComment.e_FbComment() throws java.lang.Exception]]>
              </value>
            </param>
            <param index="1">
              <value>
                <![CDATA[org.testng.TestRunner@31206beb]]>
              </value>
            </param>
            <param index="2">
              <value>
                <![CDATA[firefox]]>
              </value>
            </param>
          </params>
          <reporter-output>
          </reporter-output>
        </test-method> <!-- beforeMethod -->
        <test-method status="SKIP" signature="e_FbComment()[pri:0, instance:clj.Frontend.ReaderComment@61f8bee4]" name="e_FbComment" duration-ms="171741" started-at="2018-08-03T12:03:54Z" description="Posting comment to Facebook and Dailymail" finished-at="2018-08-03T12:06:46Z">
          <exception class="org.openqa.selenium.TimeoutException">
            <message>
              <![CDATA[Expected condition failed: waiting for element to be clickable: [[FirefoxDriver: firefox on MAC (0529d3bd-86f0-4d4f-a5e2-b24edfda6305)] -> css selector: .btn.fbConfirm] (tried for 20 second(s) with 500 MILLISECONDS interval)
Build info: version: '3.9.1', revision: '63f7b50', time: '2018-02-07T22:25:02.294Z'
System info: host: 'MOL-HSK-CIT0040', ip: 'fe80:0:0:0:1472:6125:5b1d:fb47%en0', os.name: 'Mac OS X', os.arch: 'x86_64', os.version: '10.12.6', java.version: '1.8.0_151'
Driver info: org.openqa.selenium.firefox.FirefoxDriver
Capabilities {acceptInsecureCerts: true, browserName: firefox, browserVersion: 60.0, javascriptEnabled: true, moz:accessibilityChecks: false, moz:headless: false, moz:processID: 36660, moz:profile: /var/folders/0n/gznryz212yx..., moz:useNonSpecCompliantPointerOrigin: false, moz:webdriverClick: true, pageLoadStrategy: normal, platform: MAC, platformName: MAC, platformVersion: 16.7.0, rotatable: false, timeouts: {implicit: 0, pageLoad: 300000, script: 30000}}
Session ID: 0529d3bd-86f0-4d4f-a5e2-b24edfda6305]]>
            </message>
            <full-stacktrace>
              <![CDATA[org.openqa.selenium.TimeoutException: Expected condition failed: waiting for element to be clickable: [[FirefoxDriver: firefox on MAC (0529d3bd-86f0-4d4f-a5e2-b24edfda6305)] -> css selector: .btn.fbConfirm] (tried for 20 second(s) with 500 MILLISECONDS interval)
Build info: version: '3.9.1', revision: '63f7b50', time: '2018-02-07T22:25:02.294Z'
System info: host: 'MOL-HSK-CIT0040', ip: 'fe80:0:0:0:1472:6125:5b1d:fb47%en0', os.name: 'Mac OS X', os.arch: 'x86_64', os.version: '10.12.6', java.version: '1.8.0_151'
Driver info: org.openqa.selenium.firefox.FirefoxDriver
Capabilities {acceptInsecureCerts: true, browserName: firefox, browserVersion: 60.0, javascriptEnabled: true, moz:accessibilityChecks: false, moz:headless: false, moz:processID: 36660, moz:profile: /var/folders/0n/gznryz212yx..., moz:useNonSpecCompliantPointerOrigin: false, moz:webdriverClick: true, pageLoadStrategy: normal, platform: MAC, platformName: MAC, platformVersion: 16.7.0, rotatable: false, timeouts: {implicit: 0, pageLoad: 300000, script: 30000}}
Session ID: 0529d3bd-86f0-4d4f-a5e2-b24edfda6305
at org.openqa.selenium.support.ui.WebDriverWait.timeoutException(WebDriverWait.java:82)
at org.openqa.selenium.support.ui.FluentWait.until(FluentWait.java:231)
at commonLibrary.WaitMethods.WaitUntilElementClickable(WaitMethods.java:19)
at clj.Frontend.ReaderComment.e_FbComment(ReaderComment.java:100)
at sun.reflect.NativeMethodAccessorImpl.invoke0(Native Method)
at sun.reflect.NativeMethodAccessorImpl.invoke(NativeMethodAccessorImpl.java:62)
at sun.reflect.DelegatingMethodAccessorImpl.invoke(DelegatingMethodAccessorImpl.java:43)
at java.lang.reflect.Method.invoke(Method.java:498)
at org.testng.internal.MethodInvocationHelper.invokeMethod(MethodInvocationHelper.java:124)
at org.testng.internal.Invoker.invokeMethod(Invoker.java:580)
at org.testng.internal.Invoker.invokeTestMethod(Invoker.java:716)
at org.testng.internal.Invoker.invokeTestMethods(Invoker.java:988)
at org.testng.internal.TestMethodWorker.invokeTestMethods(TestMethodWorker.java:125)
at org.testng.internal.TestMethodWorker.run(TestMethodWorker.java:109)
at org.testng.TestRunner.privateRun(TestRunner.java:648)
at org.testng.TestRunner.run(TestRunner.java:505)
at org.testng.SuiteRunner.runTest(SuiteRunner.java:455)
at org.testng.SuiteRunner.access$000(SuiteRunner.java:40)
at org.testng.SuiteRunner$SuiteWorker.run(SuiteRunner.java:489)
at org.testng.internal.thread.ThreadUtil$1.call(ThreadUtil.java:52)
at java.util.concurrent.FutureTask.run(FutureTask.java:266)
at java.util.concurrent.ThreadPoolExecutor.runWorker(ThreadPoolExecutor.java:1149)
at java.util.concurrent.ThreadPoolExecutor$Worker.run(ThreadPoolExecutor.java:624)
at java.lang.Thread.run(Thread.java:748)
]]>
            </full-stacktrace>
          </exception> <!-- org.openqa.selenium.TimeoutException -->
          <reporter-output>
          </reporter-output>
        </test-method> <!-- e_FbComment -->
        <test-method status="PASS" signature="tearDown(org.testng.ITestResult, org.testng.ITestContext, java.lang.reflect.Method)[pri:0, instance:clj.Frontend.ReaderComment@61f8bee4]" name="tearDown" is-config="true" duration-ms="2915" started-at="2018-08-03T12:06:46Z" finished-at="2018-08-03T12:06:49Z">
          <params>
            <param index="0">
              <value>
                <![CDATA[[TestResult name=e_FbComment status=SKIP method=ReaderComment.e_FbComment()[pri:0, instance:clj.Frontend.ReaderComment@61f8bee4] output={null}]]]>
              </value>
            </param>
            <param index="1">
              <value>
                <![CDATA[org.testng.TestRunner@31206beb]]>
              </value>
            </param>
            <param index="2">
              <value>
                <![CDATA[public void clj.Frontend.ReaderComment.e_FbComment() throws java.lang.Exception]]>
              </value>
            </param>
          </params>
          <reporter-output>
          </reporter-output>
        </test-method> <!-- tearDown -->
        <test-method status="PASS" signature="beforeMethod(java.lang.reflect.Method, org.testng.ITestContext, java.lang.String)[pri:0, instance:clj.Frontend.ReaderComment@61f8bee4]" name="beforeMethod" is-config="true" duration-ms="12311" started-at="2018-08-03T12:06:49Z" finished-at="2018-08-03T12:07:01Z">
          <params>
            <param index="0">
              <value>
                <![CDATA[public void clj.Frontend.ReaderComment.e_FbComment() throws java.lang.Exception]]>
              </value>
            </param>
            <param index="1">
              <value>
                <![CDATA[org.testng.TestRunner@31206beb]]>
              </value>
            </param>
            <param index="2">
              <value>
                <![CDATA[firefox]]>
              </value>
            </param>
          </params>
          <reporter-output>
          </reporter-output>
        </test-method> <!-- beforeMethod -->
        <test-method status="SKIP" signature="e_FbComment()[pri:0, instance:clj.Frontend.ReaderComment@61f8bee4]" name="e_FbComment" duration-ms="163504" started-at="2018-08-03T12:07:01Z" description="Posting comment to Facebook and Dailymail" finished-at="2018-08-03T12:09:45Z">
          <exception class="org.openqa.selenium.TimeoutException">
            <message>
              <![CDATA[Expected condition failed: waiting for element to be clickable: [[FirefoxDriver: firefox on MAC (194c2b51-f3f2-1341-9063-aa18ce644414)] -> css selector: .btn.fbConfirm] (tried for 20 second(s) with 500 MILLISECONDS interval)
Build info: version: '3.9.1', revision: '63f7b50', time: '2018-02-07T22:25:02.294Z'
System info: host: 'MOL-HSK-CIT0040', ip: 'fe80:0:0:0:1472:6125:5b1d:fb47%en0', os.name: 'Mac OS X', os.arch: 'x86_64', os.version: '10.12.6', java.version: '1.8.0_151'
Driver info: org.openqa.selenium.firefox.FirefoxDriver
Capabilities {acceptInsecureCerts: true, browserName: firefox, browserVersion: 60.0, javascriptEnabled: true, moz:accessibilityChecks: false, moz:headless: false, moz:processID: 36736, moz:profile: /var/folders/0n/gznryz212yx..., moz:useNonSpecCompliantPointerOrigin: false, moz:webdriverClick: true, pageLoadStrategy: normal, platform: MAC, platformName: MAC, platformVersion: 16.7.0, rotatable: false, timeouts: {implicit: 0, pageLoad: 300000, script: 30000}}
Session ID: 194c2b51-f3f2-1341-9063-aa18ce644414]]>
            </message>
            <full-stacktrace>
              <![CDATA[org.openqa.selenium.TimeoutException: Expected condition failed: waiting for element to be clickable: [[FirefoxDriver: firefox on MAC (194c2b51-f3f2-1341-9063-aa18ce644414)] -> css selector: .btn.fbConfirm] (tried for 20 second(s) with 500 MILLISECONDS interval)
Build info: version: '3.9.1', revision: '63f7b50', time: '2018-02-07T22:25:02.294Z'
System info: host: 'MOL-HSK-CIT0040', ip: 'fe80:0:0:0:1472:6125:5b1d:fb47%en0', os.name: 'Mac OS X', os.arch: 'x86_64', os.version: '10.12.6', java.version: '1.8.0_151'
Driver info: org.openqa.selenium.firefox.FirefoxDriver
Capabilities {acceptInsecureCerts: true, browserName: firefox, browserVersion: 60.0, javascriptEnabled: true, moz:accessibilityChecks: false, moz:headless: false, moz:processID: 36736, moz:profile: /var/folders/0n/gznryz212yx..., moz:useNonSpecCompliantPointerOrigin: false, moz:webdriverClick: true, pageLoadStrategy: normal, platform: MAC, platformName: MAC, platformVersion: 16.7.0, rotatable: false, timeouts: {implicit: 0, pageLoad: 300000, script: 30000}}
Session ID: 194c2b51-f3f2-1341-9063-aa18ce644414
at org.openqa.selenium.support.ui.WebDriverWait.timeoutException(WebDriverWait.java:82)
at org.openqa.selenium.support.ui.FluentWait.until(FluentWait.java:231)
at commonLibrary.WaitMethods.WaitUntilElementClickable(WaitMethods.java:19)
at clj.Frontend.ReaderComment.e_FbComment(ReaderComment.java:100)
at sun.reflect.NativeMethodAccessorImpl.invoke0(Native Method)
at sun.reflect.NativeMethodAccessorImpl.invoke(NativeMethodAccessorImpl.java:62)
at sun.reflect.DelegatingMethodAccessorImpl.invoke(DelegatingMethodAccessorImpl.java:43)
at java.lang.reflect.Method.invoke(Method.java:498)
at org.testng.internal.MethodInvocationHelper.invokeMethod(MethodInvocationHelper.java:124)
at org.testng.internal.Invoker.invokeMethod(Invoker.java:580)
at org.testng.internal.Invoker.retryFailed(Invoker.java:838)
at org.testng.internal.Invoker.invokeTestMethods(Invoker.java:1009)
at org.testng.internal.TestMethodWorker.invokeTestMethods(TestMethodWorker.java:125)
at org.testng.internal.TestMethodWorker.run(TestMethodWorker.java:109)
at org.testng.TestRunner.privateRun(TestRunner.java:648)
at org.testng.TestRunner.run(TestRunner.java:505)
at org.testng.SuiteRunner.runTest(SuiteRunner.java:455)
at org.testng.SuiteRunner.access$000(SuiteRunner.java:40)
at org.testng.SuiteRunner$SuiteWorker.run(SuiteRunner.java:489)
at org.testng.internal.thread.ThreadUtil$1.call(ThreadUtil.java:52)
at java.util.concurrent.FutureTask.run(FutureTask.java:266)
at java.util.concurrent.ThreadPoolExecutor.runWorker(ThreadPoolExecutor.java:1149)
at java.util.concurrent.ThreadPoolExecutor$Worker.run(ThreadPoolExecutor.java:624)
at java.lang.Thread.run(Thread.java:748)
]]>
            </full-stacktrace>
          </exception> <!-- org.openqa.selenium.TimeoutException -->
          <reporter-output>
          </reporter-output>
        </test-method> <!-- e_FbComment -->
        <test-method status="PASS" signature="tearDown(org.testng.ITestResult, org.testng.ITestContext, java.lang.reflect.Method)[pri:0, instance:clj.Frontend.ReaderComment@61f8bee4]" name="tearDown" is-config="true" duration-ms="2205" started-at="2018-08-03T12:09:45Z" finished-at="2018-08-03T12:09:47Z">
          <params>
            <param index="0">
              <value>
                <![CDATA[[TestResult name=e_FbComment status=SKIP method=ReaderComment.e_FbComment()[pri:0, instance:clj.Frontend.ReaderComment@61f8bee4] output={null}]]]>
              </value>
            </param>
            <param index="1">
              <value>
                <![CDATA[org.testng.TestRunner@31206beb]]>
              </value>
            </param>
            <param index="2">
              <value>
                <![CDATA[public void clj.Frontend.ReaderComment.e_FbComment() throws java.lang.Exception]]>
              </value>
            </param>
          </params>
          <reporter-output>
          </reporter-output>
        </test-method> <!-- tearDown -->
        <test-method status="PASS" signature="beforeMethod(java.lang.reflect.Method, org.testng.ITestContext, java.lang.String)[pri:0, instance:clj.Frontend.ReaderComment@61f8bee4]" name="beforeMethod" is-config="true" duration-ms="13170" started-at="2018-08-03T12:09:47Z" finished-at="2018-08-03T12:10:00Z">
          <params>
            <param index="0">
              <value>
                <![CDATA[public void clj.Frontend.ReaderComment.e_FbComment() throws java.lang.Exception]]>
              </value>
            </param>
            <param index="1">
              <value>
                <![CDATA[org.testng.TestRunner@31206beb]]>
              </value>
[...]
at org.openqa.selenium.remote.RemoteWebDriver$RemoteWebDriverOptions$RemoteWindow.maximize(RemoteWebDriver.java:892)
at commonLibrary.RelatedArticleMethod.relatedArticle(RelatedArticleMethod.java:25)
at clj.Frontend.RelatedArticle.RelatedArticles(RelatedArticle.java:27)
at sun.reflect.NativeMethodAccessorImpl.invoke0(Native Method)
at sun.reflect.NativeMethodAccessorImpl.invoke(NativeMethodAccessorImpl.java:62)
at sun.reflect.DelegatingMethodAccessorImpl.invoke(DelegatingMethodAccessorImpl.java:43)
at java.lang.reflect.Method.invoke(Method.java:498)
at org.testng.internal.MethodInvocationHelper.invokeMethod(MethodInvocationHelper.java:124)
at org.testng.internal.Invoker.invokeMethod(Invoker.java:580)
at org.testng.internal.Invoker.invokeTestMethod(Invoker.java:716)
at org.testng.internal.Invoker.invokeTestMethods(Invoker.java:988)
at org.testng.internal.TestMethodWorker.invokeTestMethods(TestMethodWorker.java:125)
at org.testng.internal.TestMethodWorker.run(TestMethodWorker.java:109)
at org.testng.TestRunner.privateRun(TestRunner.java:648)
at org.testng.TestRunner.run(TestRunner.java:505)
at org.testng.SuiteRunner.runTest(SuiteRunner.java:455)
at org.testng.SuiteRunner.access$000(SuiteRunner.java:40)
at org.testng.SuiteRunner$SuiteWorker.run(SuiteRunner.java:489)
at org.testng.internal.thread.ThreadUtil$1.call(ThreadUtil.java:52)
at java.util.concurrent.FutureTask.run(FutureTask.java:266)
at java.util.concurrent.ThreadPoolExecutor.runWorker(ThreadPoolExecutor.java:1149)
at java.util.concurrent.ThreadPoolExecutor$Worker.run(ThreadPoolExecutor.java:624)
at java.lang.Thread.run(Thread.java:748)
]]>
            </full-stacktrace>
          </exception> <!-- org.openqa.selenium.WebDriverException -->
          <reporter-output>
          </reporter-output>
        </test-method> <!-- RelatedArticles -->
        <test-method status="PASS" signature="tearDown(org.testng.ITestResult, org.testng.ITestContext, java.lang.reflect.Method)[pri:0, instance:clj.Frontend.RelatedArticle@5ec0a365]" name="tearDown" is-config="true" duration-ms="309" started-at="2018-08-03T11:51:16Z" finished-at="2018-08-03T11:51:16Z">
          <params>
            <param index="0">
              <value>
                <![CDATA[[TestResult name=RelatedArticles status=SKIP method=RelatedArticle.RelatedArticles()[pri:0, instance:clj.Frontend.RelatedArticle@5ec0a365] output={null}]]]>
              </value>
            </param>
            <param index="1">
              <value>
                <![CDATA[org.testng.TestRunner@3e77a1ed]]>
              </value>
            </param>
            <param index="2">
              <value>
                <![CDATA[public static void clj.Frontend.RelatedArticle.RelatedArticles() throws java.lang.Exception]]>
              </value>
            </param>
          </params>
          <reporter-output>
          </reporter-output>
        </test-method> <!-- tearDown -->
        <test-method status="PASS" signature="beforeMethod(java.lang.reflect.Method, org.testng.ITestContext, java.lang.String)[pri:0, instance:clj.Frontend.RelatedArticle@5ec0a365]" name="beforeMethod" is-config="true" duration-ms="19318" started-at="2018-08-03T11:51:16Z" finished-at="2018-08-03T11:51:35Z">
          <params>
            <param index="0">
              <value>
                <![CDATA[public static void clj.Frontend.RelatedArticle.RelatedArticles() throws java.lang.Exception]]>
              </value>
            </param>
            <param index="1">
              <value>
                <![CDATA[org.testng.TestRunner@3e77a1ed]]>
              </value>
            </param>
            <param index="2">
              <value>
                <![CDATA[chrome]]>
              </value>
            </param>
          </params>
          <reporter-output>
          </reporter-output>
        </test-method> <!-- beforeMethod -->
        <test-method status="SKIP" signature="RelatedArticles()[pri:0, instance:clj.Frontend.RelatedArticle@5ec0a365]" name="RelatedArticles" duration-ms="26143" started-at="2018-08-03T11:51:35Z" description="check related module, FB icon and related articles" finished-at="2018-08-03T11:52:01Z">
          <exception class="org.openqa.selenium.WebDriverException">
            <message>
              <![CDATA[unknown error: failed to change window state to maximized, current state is normal
  (Session info: chrome=68.0.3440.84)
  (Driver info: chromedriver=2.38.552518 (183d19265345f54ce39cbb94cf81ba5f15905011),platform=Mac OS X 10.12.6 x86_64) (WARNING: The server did not provide any stacktrace information)
Command duration or timeout: 0 milliseconds
Build info: version: '3.9.1', revision: '63f7b50', time: '2018-02-07T22:25:02.294Z'
System info: host: 'MOL-HSK-CIT0040', ip: 'fe80:0:0:0:1472:6125:5b1d:fb47%en0', os.name: 'Mac OS X', os.arch: 'x86_64', os.version: '10.12.6', java.version: '1.8.0_151'
Driver info: org.openqa.selenium.chrome.ChromeDriver
Capabilities {acceptInsecureCerts: false, acceptSslCerts: false, applicationCacheEnabled: false, browserConnectionEnabled: false, browserName: chrome, chrome: {chromedriverVersion: 2.38.552518 (183d19265345f5..., userDataDir: /var/folders/0n/gznryz212yx...}, cssSelectorsEnabled: true, databaseEnabled: false, handlesAlerts: true, hasTouchScreen: false, javascriptEnabled: true, locationContextEnabled: true, mobileEmulationEnabled: false, nativeEvents: true, networkConnectionEnabled: false, pageLoadStrategy: normal, platform: MAC, platformName: MAC, rotatable: false, setWindowRect: true, takesHeapSnapshot: true, takesScreenshot: true, unexpectedAlertBehaviour: , unhandledPromptBehavior: , version: 68.0.3440.84, webStorageEnabled: true}
Session ID: af2ecfd99c292f60de6589c3e3fea0a4]]>
            </message>
            <full-stacktrace>
              <![CDATA[org.openqa.selenium.WebDriverException: unknown error: failed to change window state to maximized, current state is normal
  (Session info: chrome=68.0.3440.84)
  (Driver info: chromedriver=2.38.552518 (183d19265345f54ce39cbb94cf81ba5f15905011),platform=Mac OS X 10.12.6 x86_64) (WARNING: The server did not provide any stacktrace information)
Command duration or timeout: 0 milliseconds
Build info: version: '3.9.1', revision: '63f7b50', time: '2018-02-07T22:25:02.294Z'
System info: host: 'MOL-HSK-CIT0040', ip: 'fe80:0:0:0:1472:6125:5b1d:fb47%en0', os.name: 'Mac OS X', os.arch: 'x86_64', os.version: '10.12.6', java.version: '1.8.0_151'
Driver info: org.openqa.selenium.chrome.ChromeDriver
Capabilities {acceptInsecureCerts: false, acceptSslCerts: false, applicationCacheEnabled: false, browserConnectionEnabled: false, browserName: chrome, chrome: {chromedriverVersion: 2.38.552518 (183d19265345f5..., userDataDir: /var/folders/0n/gznryz212yx...}, cssSelectorsEnabled: true, databaseEnabled: false, handlesAlerts: true, hasTouchScreen: false, javascriptEnabled: true, locationContextEnabled: true, mobileEmulationEnabled: false, nativeEvents: true, networkConnectionEnabled: false, pageLoadStrategy: normal, platform: MAC, platformName: MAC, rotatable: false, setWindowRect: true, takesHeapSnapshot: true, takesScreenshot: true, unexpectedAlertBehaviour: , unhandledPromptBehavior: , version: 68.0.3440.84, webStorageEnabled: true}
Session ID: af2ecfd99c292f60de6589c3e3fea0a4
at sun.reflect.NativeConstructorAccessorImpl.newInstance0(Native Method)
at sun.reflect.NativeConstructorAccessorImpl.newInstance(NativeConstructorAccessorImpl.java:62)
at sun.reflect.DelegatingConstructorAccessorImpl.newInstance(DelegatingConstructorAccessorImpl.java:45)
at java.lang.reflect.Constructor.newInstance(Constructor.java:423)
at org.openqa.selenium.remote.ErrorHandler.createThrowable(ErrorHandler.java:214)
at org.openqa.selenium.remote.ErrorHandler.throwIfResponseFailed(ErrorHandler.java:166)
at org.openqa.selenium.remote.http.JsonHttpResponseCodec.reconstructValue(JsonHttpResponseCodec.java:40)
at org.openqa.selenium.remote.http.AbstractHttpResponseCodec.decode(AbstractHttpResponseCodec.java:80)
at org.openqa.selenium.remote.http.AbstractHttpResponseCodec.decode(AbstractHttpResponseCodec.java:44)
at org.openqa.selenium.remote.HttpCommandExecutor.execute(HttpCommandExecutor.java:160)
at org.openqa.selenium.remote.service.DriverCommandExecutor.execute(DriverCommandExecutor.java:83)
at org.openqa.selenium.remote.RemoteWebDriver.execute(RemoteWebDriver.java:601)
at org.openqa.selenium.remote.RemoteWebDriver.execute(RemoteWebDriver.java:658)
at org.openqa.selenium.remote.RemoteWebDriver$RemoteWebDriverOptions$RemoteWindow.maximize(RemoteWebDriver.java:892)
at commonLibrary.RelatedArticleMethod.relatedArticle(RelatedArticleMethod.java:25)
at clj.Frontend.RelatedArticle.RelatedArticles(RelatedArticle.java:27)
at sun.reflect.NativeMethodAccessorImpl.invoke0(Native Method)
at sun.reflect.NativeMethodAccessorImpl.invoke(NativeMethodAccessorImpl.java:62)
at sun.reflect.DelegatingMethodAccessorImpl.invoke(DelegatingMethodAccessorImpl.java:43)
at java.lang.reflect.Method.invoke(Method.java:498)
at org.testng.internal.MethodInvocationHelper.invokeMethod(MethodInvocationHelper.java:124)
at org.testng.internal.Invoker.invokeMethod(Invoker.java:580)
at org.testng.internal.Invoker.retryFailed(Invoker.java:838)
at org.testng.internal.Invoker.invokeTestMethods(Invoker.java:1009)
at org.testng.internal.TestMethodWorker.invokeTestMethods(TestMethodWorker.java:125)
at org.testng.internal.TestMethodWorker.run(TestMethodWorker.java:109)
at org.testng.TestRunner.privateRun(TestRunner.java:648)
at org.testng.TestRunner.run(TestRunner.java:505)
at org.testng.SuiteRunner.runTest(SuiteRunner.java:455)
at org.testng.SuiteRunner.access$000(SuiteRunner.java:40)
at org.testng.SuiteRunner$SuiteWorker.run(SuiteRunner.java:489)
at org.testng.internal.thread.ThreadUtil$1.call(ThreadUtil.java:52)
at java.util.concurrent.FutureTask.run(FutureTask.java:266)
at java.util.concurrent.ThreadPoolExecutor.runWorker(ThreadPoolExecutor.java:1149)
at java.util.concurrent.ThreadPoolExecutor$Worker.run(ThreadPoolExecutor.java:624)
at java.lang.Thread.run(Thread.java:748)
]]>
            </full-stacktrace>
          </exception> <!-- org.openqa.selenium.WebDriverException -->
          <reporter-output>
          </reporter-output>
        </test-method> <!-- RelatedArticles -->
        <test-method status="PASS" signature="tearDown(org.testng.ITestResult, org.testng.ITestContext, java.lang.reflect.Method)[pri:0, instance:clj.Frontend.RelatedArticle@5ec0a365]" name="tearDown" is-config="true" duration-ms="329" started-at="2018-08-03T11:52:01Z" finished-at="2018-08-03T11:52:02Z">
          <params>
            <param index="0">
              <value>
                <![CDATA[[TestResult name=RelatedArticles status=SKIP method=RelatedArticle.RelatedArticles()[pri:0, instance:clj.Frontend.RelatedArticle@5ec0a365] output={null}]]]>
              </value>
            </param>
            <param index="1">
              <value>
                <![CDATA[org.testng.TestRunner@3e77a1ed]]>
              </value>
            </param>
            <param index="2">
              <value>
                <![CDATA[public static void clj.Frontend.RelatedArticle.RelatedArticles() throws java.lang.Exception]]>
              </value>
            </param>
          </params>
          <reporter-output>
          </reporter-output>
        </test-method> <!-- tearDown -->
        <test-method status="PASS" signature="beforeMethod(java.lang.reflect.Method, org.testng.ITestContext, java.lang.String)[pri:0, instance:clj.Frontend.RelatedArticle@5ec0a365]" name="beforeMethod" is-config="true" duration-ms="14663" started-at="2018-08-03T11:52:02Z" finished-at="2018-08-03T11:52:16Z">
          <params>
            <param index="0">
              <value>
                <![CDATA[public static void clj.Frontend.RelatedArticle.RelatedArticles() throws java.lang.Exception]]>
              </value>
            </param>
            <param index="1">
              <value>
                <![CDATA[org.testng.TestRunner@3e77a1ed]]>
              </value>
            </param>
            <param index="2">
              <value>
                <![CDATA[chrome]]>
              </value>
            </param>
          </params>
          <reporter-output>
          </reporter-output>
        </test-method> <!-- beforeMethod -->
        <test-method status="FAIL" signature="RelatedArticles()[pri:0, instance:clj.Frontend.RelatedArticle@5ec0a365]" name="RelatedArticles" duration-ms="18574" started-at="2018-08-03T11:52:16Z" description="check related module, FB icon and related articles" finished-at="2018-08-03T11:52:35Z">
          <exception class="org.openqa.selenium.WebDriverException">
            <message>
              <![CDATA[unknown error: failed to change window state to maximized, current state is normal
  (Session info: chrome=68.0.3440.84)
  (Driver info: chromedriver=2.38.552518 (183d19265345f54ce39cbb94cf81ba5f15905011),platform=Mac OS X 10.12.6 x86_64) (WARNING: The server did not provide any stacktrace information)
Command duration or timeout: 0 milliseconds
Build info: version: '3.9.1', revision: '63f7b50', time: '2018-02-07T22:25:02.294Z'
System info: host: 'MOL-HSK-CIT0040', ip: 'fe80:0:0:0:1472:6125:5b1d:fb47%en0', os.name: 'Mac OS X', os.arch: 'x86_64', os.version: '10.12.6', java.version: '1.8.0_151'
Driver info: org.openqa.selenium.chrome.ChromeDriver
Capabilities {acceptInsecureCerts: false, acceptSslCerts: false, applicationCacheEnabled: false, browserConnectionEnabled: false, browserName: chrome, chrome: {chromedriverVersion: 2.38.552518 (183d19265345f5..., userDataDir: /var/folders/0n/gznryz212yx...}, cssSelectorsEnabled: true, databaseEnabled: false, handlesAlerts: true, hasTouchScreen: false, javascriptEnabled: true, locationContextEnabled: true, mobileEmulationEnabled: false, nativeEvents: true, networkConnectionEnabled: false, pageLoadStrategy: normal, platform: MAC, platformName: MAC, rotatable: false, setWindowRect: true, takesHeapSnapshot: true, takesScreenshot: true, unexpectedAlertBehaviour: , unhandledPromptBehavior: , version: 68.0.3440.84, webStorageEnabled: true}
Session ID: 8d63611f0c7f6ed4b6206fe89fcc549c]]>
            </message>
            <full-stacktrace>
              <![CDATA[org.openqa.selenium.WebDriverException: unknown error: failed to change window state to maximized, current state is normal
  (Session info: chrome=68.0.3440.84)
  (Driver info: chromedriver=2.38.552518 (183d19265345f54ce39cbb94cf81ba5f15905011),platform=Mac OS X 10.12.6 x86_64) (WARNING: The server did not provide any stacktrace information)
Command duration or timeout: 0 milliseconds
Build info: version: '3.9.1', revision: '63f7b50', time: '2018-02-07T22:25:02.294Z'
System info: host: 'MOL-HSK-CIT0040', ip: 'fe80:0:0:0:1472:6125:5b1d:fb47%en0', os.name: 'Mac OS X', os.arch: 'x86_64', os.version: '10.12.6', java.version: '1.8.0_151'
Driver info: org.openqa.selenium.chrome.ChromeDriver
Capabilities {acceptInsecureCerts: false, acceptSslCerts: false, applicationCacheEnabled: false, browserConnectionEnabled: false, browserName: chrome, chrome: {chromedriverVersion: 2.38.552518 (183d19265345f5..., userDataDir: /var/folders/0n/gznryz212yx...}, cssSelectorsEnabled: true, databaseEnabled: false, handlesAlerts: true, hasTouchScreen: false, javascriptEnabled: true, locationContextEnabled: true, mobileEmulationEnabled: false, nativeEvents: true, networkConnectionEnabled: false, pageLoadStrategy: normal, platform: MAC, platformName: MAC, rotatable: false, setWindowRect: true, takesHeapSnapshot: true, takesScreenshot: true, unexpectedAlertBehaviour: , unhandledPromptBehavior: , version: 68.0.3440.84, webStorageEnabled: true}
Session ID: 8d63611f0c7f6ed4b6206fe89fcc549c
at sun.reflect.NativeConstructorAccessorImpl.newInstance0(Native Method)
at sun.reflect.NativeConstructorAccessorImpl.newInstance(NativeConstructorAccessorImpl.java:62)
at sun.reflect.DelegatingConstructorAccessorImpl.newInstance(DelegatingConstructorAccessorImpl.java:45)
at java.lang.reflect.Constructor.newInstance(Constructor.java:423)
at org.openqa.selenium.remote.ErrorHandler.createThrowable(ErrorHandler.java:214)
at org.openqa.selenium.remote.ErrorHandler.throwIfResponseFailed(ErrorHandler.java:166)
at org.openqa.selenium.remote.http.JsonHttpResponseCodec.reconstructValue(JsonHttpResponseCodec.java:40)
at org.openqa.selenium.remote.http.AbstractHttpResponseCodec.decode(AbstractHttpResponseCodec.java:80)
at org.openqa.selenium.remote.http.AbstractHttpResponseCodec.decode(AbstractHttpResponseCodec.java:44)
at org.openqa.selenium.remote.HttpCommandExecutor.execute(HttpCommandExecutor.java:160)
at org.openqa.selenium.remote.service.DriverCommandExecutor.execute(DriverCommandExecutor.java:83)
at org.openqa.selenium.remote.RemoteWebDriver.execute(RemoteWebDriver.java:601)
at org.openqa.selenium.remote.RemoteWebDriver.execute(RemoteWebDriver.java:658)
at org.openqa.selenium.remote.RemoteWebDriver$RemoteWebDriverOptions$RemoteWindow.maximize(RemoteWebDriver.java:892)
at commonLibrary.RelatedArticleMethod.relatedArticle(RelatedArticleMethod.java:25)
at clj.Frontend.RelatedArticle.RelatedArticles(RelatedArticle.java:27)
at sun.reflect.NativeMethodAccessorImpl.invoke0(Native Method)
at sun.reflect.NativeMethodAccessorImpl.invoke(NativeMethodAccessorImpl.java:62)
at sun.reflect.DelegatingMethodAccessorImpl.invoke(DelegatingMethodAccessorImpl.java:43)
at java.lang.reflect.Method.invoke(Method.java:498)
at org.testng.internal.MethodInvocationHelper.invokeMethod(MethodInvocationHelper.java:124)
at org.testng.internal.Invoker.invokeMethod(Invoker.java:580)
at org.testng.internal.Invoker.retryFailed(Invoker.java:838)
at org.testng.internal.Invoker.invokeTestMethods(Invoker.java:1009)
at org.testng.internal.TestMethodWorker.invokeTestMethods(TestMethodWorker.java:125)
at org.testng.internal.TestMethodWorker.run(TestMethodWorker.java:109)
at org.testng.TestRunner.privateRun(TestRunner.java:648)
at org.testng.TestRunner.run(TestRunner.java:505)
at org.testng.SuiteRunner.runTest(SuiteRunner.java:455)
at org.testng.SuiteRunner.access$000(SuiteRunner.java:40)
at org.testng.SuiteRunner$SuiteWorker.run(SuiteRunner.java:489)
at org.testng.internal.thread.ThreadUtil$1.call(ThreadUtil.java:52)
at java.util.concurrent.FutureTask.run(FutureTask.java:266)
at java.util.concurrent.ThreadPoolExecutor.runWorker(ThreadPoolExecutor.java:1149)
at java.util.concurrent.ThreadPoolExecutor$Worker.run(ThreadPoolExecutor.java:624)
at java.lang.Thread.run(Thread.java:748)
]]>
            </full-stacktrace>
          </exception> <!-- org.openqa.selenium.WebDriverException -->
          <reporter-output>
          </reporter-output>
        </test-method> <!-- RelatedArticles -->
        <test-method status="PASS" signature="tearDown(org.testng.ITestResult, org.testng.ITestContext, java.lang.reflect.Method)[pri:0, instance:clj.Frontend.RelatedArticle@5ec0a365]" name="tearDown" is-config="true" duration-ms="1981" started-at="2018-08-03T11:52:35Z" finished-at="2018-08-03T11:52:37Z">
          <params>
            <param index="0">
              <value>
                <![CDATA[[TestResult name=RelatedArticles status=FAILURE method=RelatedArticle.RelatedArticles()[pri:0, instance:clj.Frontend.RelatedArticle@5ec0a365] output={null}]]]>
              </value>
            </param>
            <param index="1">
              <value>
                <![CDATA[org.testng.TestRunner@3e77a1ed]]>
              </value>
            </param>
            <param index="2">
              <value>
                <![CDATA[public static void clj.Frontend.RelatedArticle.RelatedArticles() throws java.lang.Exception]]>
              </value>
            </param>
          </params>
          <reporter-output>
          </reporter-output>
        </test-method> <!-- tearDown -->
      </class> <!-- clj.Frontend.RelatedArticle -->
    </test> <!-- ChromeTest -->
  </suite> <!-- MultiBrowser -->
</testng-results>
